Started GET "/" for ::1 at 2023-07-15 14:38:55 -0400
  [1m[35m (2.9ms)[0m  [1m[34mSELECT "schema_migrations"."version" FROM "schema_migrations" ORDER BY "schema_migrations"."version" ASC[0m
  ↳ /Users/brycewein/.rbenv/versions/2.7.4/lib/ruby/gems/2.7.0/gems/activerecord-5.2.8/lib/active_record/log_subscriber.rb:98
Processing by MainController#index as HTML
  Rendering main/index.html.erb within layouts/application
  Rendered main/index.html.erb within layouts/application (0.9ms)
  Rendered shared/_navbar.html.erb (2.1ms)
  Rendered shared/_flash.html.erb (0.3ms)
Completed 200 OK in 515ms (Views: 509.6ms | ActiveRecord: 0.0ms)


Started GET "/sign_in" for ::1 at 2023-07-15 14:38:59 -0400
Processing by SessionsController#new as HTML
  Rendering sessions/new.html.erb within layouts/application
  Rendered sessions/new.html.erb within layouts/application (29.5ms)
  Rendered shared/_navbar.html.erb (0.6ms)
  Rendered shared/_flash.html.erb (0.3ms)
Completed 200 OK in 56ms (Views: 52.2ms | ActiveRecord: 0.0ms)


Started POST "/sign_in" for ::1 at 2023-07-15 14:39:00 -0400
Processing by SessionsController#create as JS
  Parameters: {"utf8"=>"✓", "authenticity_token"=>"VagZ7lvGTYTBN9KDtvL+8MFPOUaUaHXrdBPL+Qn8vi+sNQDzWbGYq9QwrUprrNDr35em04yaHYFcm/F5ctT6zQ==", "email"=>"bryce.wein@gmail.com", "password"=>"[FILTERED]", "commit"=>"Sign In"}
  [1m[36mUser Load (2.5ms)[0m  [1m[34mSELECT  "users".* FROM "users" WHERE "users"."email" = $1 LIMIT $2[0m  [["email", "bryce.wein@gmail.com"], ["LIMIT", 1]]
  ↳ app/controllers/sessions_controller.rb:7
Redirected to http://localhost:3000/
Completed 200 OK in 338ms (ActiveRecord: 40.0ms)


Started GET "/" for ::1 at 2023-07-15 14:39:01 -0400
Processing by MainController#index as HTML
  [1m[36mUser Load (0.3ms)[0m  [1m[34mSELECT  "users".* FROM "users" WHERE "users"."id" = $1 LIMIT $2[0m  [["id", 1], ["LIMIT", 1]]
  ↳ app/controllers/application_controller.rb:5
  Rendering main/index.html.erb within layouts/application
  Rendered main/index.html.erb within layouts/application (0.3ms)
  Rendered shared/_navbar.html.erb (1.0ms)
  Rendered shared/_flash.html.erb (0.2ms)
Completed 200 OK in 18ms (Views: 14.4ms | ActiveRecord: 0.3ms)


Started GET "/users/1/logs" for ::1 at 2023-07-15 14:39:02 -0400
Processing by UserLogsController#index as HTML
  Parameters: {"user_id"=>"1"}
  [1m[36mUser Load (0.7ms)[0m  [1m[34mSELECT  "users".* FROM "users" WHERE "users"."id" = $1 LIMIT $2[0m  [["id", 1], ["LIMIT", 1]]
  ↳ app/controllers/application_controller.rb:5
  Rendering user_logs/index.html.erb within layouts/application
  [1m[36mLog Load (3.3ms)[0m  [1m[34mSELECT "logs".* FROM "logs" INNER JOIN "lots" ON "logs"."lot_id" = "lots"."id" WHERE "lots"."user_id" = $1 ORDER BY "logs"."created_at" DESC[0m  [["user_id", 1]]
  ↳ app/views/user_logs/index.html.erb:38
  [1m[36mLot Load (0.3ms)[0m  [1m[34mSELECT  "lots".* FROM "lots" WHERE "lots"."id" = $1 LIMIT $2[0m  [["id", 2], ["LIMIT", 1]]
  ↳ app/views/user_logs/index.html.erb:43
  [1m[36mCACHE Lot Load (0.0ms)[0m  [1m[34mSELECT  "lots".* FROM "lots" WHERE "lots"."id" = $1 LIMIT $2[0m  [["id", 2], ["LIMIT", 1]]
  ↳ app/views/user_logs/index.html.erb:43
  [1m[36mLot Load (0.5ms)[0m  [1m[34mSELECT  "lots".* FROM "lots" WHERE "lots"."id" = $1 LIMIT $2[0m  [["id", 1], ["LIMIT", 1]]
  ↳ app/views/user_logs/index.html.erb:43
  [1m[36mCACHE Lot Load (0.0ms)[0m  [1m[34mSELECT  "lots".* FROM "lots" WHERE "lots"."id" = $1 LIMIT $2[0m  [["id", 1], ["LIMIT", 1]]
  ↳ app/views/user_logs/index.html.erb:43
  [1m[36mCACHE Lot Load (0.0ms)[0m  [1m[34mSELECT  "lots".* FROM "lots" WHERE "lots"."id" = $1 LIMIT $2[0m  [["id", 1], ["LIMIT", 1]]
  ↳ app/views/user_logs/index.html.erb:43
  [1m[36mCACHE Lot Load (0.0ms)[0m  [1m[34mSELECT  "lots".* FROM "lots" WHERE "lots"."id" = $1 LIMIT $2[0m  [["id", 1], ["LIMIT", 1]]
  ↳ app/views/user_logs/index.html.erb:43
  Rendered user_logs/index.html.erb within layouts/application (99.2ms)
  Rendered shared/_navbar.html.erb (0.8ms)
  Rendered shared/_flash.html.erb (0.2ms)
Completed 200 OK in 122ms (Views: 76.0ms | ActiveRecord: 41.3ms)


Started GET "/blends" for ::1 at 2023-07-15 14:39:03 -0400
Processing by BlendsController#index as HTML
  [1m[36mUser Load (0.4ms)[0m  [1m[34mSELECT  "users".* FROM "users" WHERE "users"."id" = $1 LIMIT $2[0m  [["id", 1], ["LIMIT", 1]]
  ↳ app/controllers/application_controller.rb:5
  Rendering blends/index.html.erb within layouts/application
  [1m[36mBlend Load (1.4ms)[0m  [1m[34mSELECT "blends".* FROM "blends" WHERE "blends"."user_id" = $1 ORDER BY "blends"."created_at" DESC[0m  [["user_id", 1]]
  ↳ app/views/blends/index.html.erb:36
  Rendered blends/index.html.erb within layouts/application (13.7ms)
  Rendered shared/_navbar.html.erb (1.0ms)
  Rendered shared/_flash.html.erb (0.4ms)
Completed 200 OK in 65ms (Views: 30.2ms | ActiveRecord: 6.5ms)


Started GET "/blends/new" for ::1 at 2023-07-15 14:39:09 -0400
Processing by BlendsController#new as HTML
  [1m[36mUser Load (8.8ms)[0m  [1m[34mSELECT  "users".* FROM "users" WHERE "users"."id" = $1 LIMIT $2[0m  [["id", 1], ["LIMIT", 1]]
  ↳ app/controllers/application_controller.rb:5
  Rendering blends/new.html.erb within layouts/application
  [1m[36mBlend Load (1.0ms)[0m  [1m[34mSELECT "blends".* FROM "blends" WHERE "blends"."user_id" = $1 AND "blends"."created_at" BETWEEN $2 AND $3[0m  [["user_id", 1], ["created_at", "2023-07-15 00:00:00"], ["created_at", "2023-07-15 23:59:59.999999"]]
  ↳ app/views/blends/new.html.erb:27
  [1m[35m (1.0ms)[0m  [1m[34mSELECT "name", "logs"."id" FROM "logs" INNER JOIN "lots" ON "logs"."lot_id" = "lots"."id" WHERE "lots"."user_id" = $1 AND "logs"."created_at" BETWEEN $2 AND $3 ORDER BY "logs"."created_at" DESC[0m  [["user_id", 1], ["created_at", "2023-07-15 00:00:00"], ["created_at", "2023-07-15 23:59:59.999999"]]
  ↳ app/views/blends/new.html.erb:48
  Rendered blends/new.html.erb within layouts/application (39.9ms)
  Rendered shared/_navbar.html.erb (1.1ms)
  Rendered shared/_flash.html.erb (0.4ms)
Completed 200 OK in 75ms (Views: 58.5ms | ActiveRecord: 10.7ms)


Started GET "/blends" for ::1 at 2023-07-15 14:39:10 -0400
Processing by BlendsController#index as HTML
  [1m[36mUser Load (0.5ms)[0m  [1m[34mSELECT  "users".* FROM "users" WHERE "users"."id" = $1 LIMIT $2[0m  [["id", 1], ["LIMIT", 1]]
  ↳ app/controllers/application_controller.rb:5
  Rendering blends/index.html.erb within layouts/application
  [1m[36mBlend Load (1.8ms)[0m  [1m[34mSELECT "blends".* FROM "blends" WHERE "blends"."user_id" = $1 ORDER BY "blends"."created_at" DESC[0m  [["user_id", 1]]
  ↳ app/views/blends/index.html.erb:36
  Rendered blends/index.html.erb within layouts/application (8.4ms)
  Rendered shared/_navbar.html.erb (1.1ms)
  Rendered shared/_flash.html.erb (0.5ms)
Completed 200 OK in 39ms (Views: 34.0ms | ActiveRecord: 2.3ms)


Started GET "/blends/new" for ::1 at 2023-07-15 14:39:11 -0400
Processing by BlendsController#new as HTML
  [1m[36mUser Load (0.7ms)[0m  [1m[34mSELECT  "users".* FROM "users" WHERE "users"."id" = $1 LIMIT $2[0m  [["id", 1], ["LIMIT", 1]]
  ↳ app/controllers/application_controller.rb:5
  Rendering blends/new.html.erb within layouts/application
  [1m[36mBlend Load (0.5ms)[0m  [1m[34mSELECT "blends".* FROM "blends" WHERE "blends"."user_id" = $1 AND "blends"."created_at" BETWEEN $2 AND $3[0m  [["user_id", 1], ["created_at", "2023-07-15 00:00:00"], ["created_at", "2023-07-15 23:59:59.999999"]]
  ↳ app/views/blends/new.html.erb:27
  [1m[35m (2.1ms)[0m  [1m[34mSELECT "name", "logs"."id" FROM "logs" INNER JOIN "lots" ON "logs"."lot_id" = "lots"."id" WHERE "lots"."user_id" = $1 AND "logs"."created_at" BETWEEN $2 AND $3 ORDER BY "logs"."created_at" DESC[0m  [["user_id", 1], ["created_at", "2023-07-15 00:00:00"], ["created_at", "2023-07-15 23:59:59.999999"]]
  ↳ app/views/blends/new.html.erb:48
  Rendered blends/new.html.erb within layouts/application (15.2ms)
  Rendered shared/_navbar.html.erb (0.8ms)
  Rendered shared/_flash.html.erb (0.3ms)
Completed 200 OK in 51ms (Views: 43.5ms | ActiveRecord: 3.4ms)


Started GET "/blends" for ::1 at 2023-07-15 14:39:17 -0400
Processing by BlendsController#index as HTML
  [1m[36mUser Load (0.7ms)[0m  [1m[34mSELECT  "users".* FROM "users" WHERE "users"."id" = $1 LIMIT $2[0m  [["id", 1], ["LIMIT", 1]]
  ↳ app/controllers/application_controller.rb:5
  Rendering blends/index.html.erb within layouts/application
  [1m[36mBlend Load (12.1ms)[0m  [1m[34mSELECT "blends".* FROM "blends" WHERE "blends"."user_id" = $1 ORDER BY "blends"."created_at" DESC[0m  [["user_id", 1]]
  ↳ app/views/blends/index.html.erb:36
  Rendered blends/index.html.erb within layouts/application (16.6ms)
  Rendered shared/_navbar.html.erb (1.1ms)
  Rendered shared/_flash.html.erb (0.3ms)
Completed 200 OK in 50ms (Views: 31.1ms | ActiveRecord: 12.7ms)


Started GET "/users/1/logs" for ::1 at 2023-07-15 14:39:19 -0400
Processing by UserLogsController#index as HTML
  Parameters: {"user_id"=>"1"}
  [1m[36mUser Load (0.4ms)[0m  [1m[34mSELECT  "users".* FROM "users" WHERE "users"."id" = $1 LIMIT $2[0m  [["id", 1], ["LIMIT", 1]]
  ↳ app/controllers/application_controller.rb:5
  Rendering user_logs/index.html.erb within layouts/application
  [1m[36mLog Load (3.1ms)[0m  [1m[34mSELECT "logs".* FROM "logs" INNER JOIN "lots" ON "logs"."lot_id" = "lots"."id" WHERE "lots"."user_id" = $1 ORDER BY "logs"."created_at" DESC[0m  [["user_id", 1]]
  ↳ app/views/user_logs/index.html.erb:38
  [1m[36mLot Load (0.9ms)[0m  [1m[34mSELECT  "lots".* FROM "lots" WHERE "lots"."id" = $1 LIMIT $2[0m  [["id", 2], ["LIMIT", 1]]
  ↳ app/views/user_logs/index.html.erb:43
  [1m[36mCACHE Lot Load (0.0ms)[0m  [1m[34mSELECT  "lots".* FROM "lots" WHERE "lots"."id" = $1 LIMIT $2[0m  [["id", 2], ["LIMIT", 1]]
  ↳ app/views/user_logs/index.html.erb:43
  [1m[36mLot Load (0.6ms)[0m  [1m[34mSELECT  "lots".* FROM "lots" WHERE "lots"."id" = $1 LIMIT $2[0m  [["id", 1], ["LIMIT", 1]]
  ↳ app/views/user_logs/index.html.erb:43
  [1m[36mCACHE Lot Load (0.0ms)[0m  [1m[34mSELECT  "lots".* FROM "lots" WHERE "lots"."id" = $1 LIMIT $2[0m  [["id", 1], ["LIMIT", 1]]
  ↳ app/views/user_logs/index.html.erb:43
  [1m[36mCACHE Lot Load (0.0ms)[0m  [1m[34mSELECT  "lots".* FROM "lots" WHERE "lots"."id" = $1 LIMIT $2[0m  [["id", 1], ["LIMIT", 1]]
  ↳ app/views/user_logs/index.html.erb:43
  [1m[36mCACHE Lot Load (0.0ms)[0m  [1m[34mSELECT  "lots".* FROM "lots" WHERE "lots"."id" = $1 LIMIT $2[0m  [["id", 1], ["LIMIT", 1]]
  ↳ app/views/user_logs/index.html.erb:43
  Rendered user_logs/index.html.erb within layouts/application (28.9ms)
  Rendered shared/_navbar.html.erb (0.8ms)
  Rendered shared/_flash.html.erb (0.3ms)
Completed 200 OK in 58ms (Views: 49.6ms | ActiveRecord: 5.0ms)


Started PATCH "/users/1/logs/4/weight_out" for ::1 at 2023-07-15 14:39:30 -0400
Processing by UserLogsController#weight_out as JS
  Parameters: {"utf8"=>"✓", "authenticity_token"=>"dtij2O+taOs6m6P5OdV5/y6+2kGsxIv23V7v0d8r/Gj/VsAVQPq+NFdfRuCtiAcdHCN32lxELgMg83xYoFmXeQ==", "weight_out"=>"7", "commit"=>"Enter", "user_id"=>"1", "log_id"=>"4"}
  [1m[36mUser Load (0.8ms)[0m  [1m[34mSELECT  "users".* FROM "users" WHERE "users"."id" = $1 LIMIT $2[0m  [["id", 1], ["LIMIT", 1]]
  ↳ app/controllers/application_controller.rb:5
  [1m[36mLog Load (0.5ms)[0m  [1m[34mSELECT  "logs".* FROM "logs" WHERE "logs"."id" = $1 LIMIT $2[0m  [["id", 4], ["LIMIT", 1]]
  ↳ app/controllers/user_logs_controller.rb:30
  [1m[35m (0.3ms)[0m  [1m[35mBEGIN[0m
  ↳ app/controllers/user_logs_controller.rb:33
  [1m[36mLot Load (0.7ms)[0m  [1m[34mSELECT  "lots".* FROM "lots" WHERE "lots"."id" = $1 LIMIT $2[0m  [["id", 1], ["LIMIT", 1]]
  ↳ app/controllers/user_logs_controller.rb:33
  [1m[36mLog Update (5.5ms)[0m  [1m[33mUPDATE "logs" SET "weight_out" = $1, "moisture_loss" = $2, "updated_at" = $3 WHERE "logs"."id" = $4[0m  [["weight_out", 7.0], ["moisture_loss", 0.125], ["updated_at", "2023-07-15 18:39:30.638501"], ["id", 4]]
  ↳ app/controllers/user_logs_controller.rb:33
  [1m[35m (1.2ms)[0m  [1m[35mCOMMIT[0m
  ↳ app/controllers/user_logs_controller.rb:33
Redirected to http://localhost:3000/users/1/logs
Completed 200 OK in 23ms (ActiveRecord: 9.1ms)


Started GET "/users/1/logs" for ::1 at 2023-07-15 14:39:30 -0400
Processing by UserLogsController#index as HTML
  Parameters: {"user_id"=>"1"}
  [1m[36mUser Load (0.4ms)[0m  [1m[34mSELECT  "users".* FROM "users" WHERE "users"."id" = $1 LIMIT $2[0m  [["id", 1], ["LIMIT", 1]]
  ↳ app/controllers/application_controller.rb:5
  Rendering user_logs/index.html.erb within layouts/application
  [1m[36mLog Load (12.7ms)[0m  [1m[34mSELECT "logs".* FROM "logs" INNER JOIN "lots" ON "logs"."lot_id" = "lots"."id" WHERE "lots"."user_id" = $1 ORDER BY "logs"."created_at" DESC[0m  [["user_id", 1]]
  ↳ app/views/user_logs/index.html.erb:38
  [1m[36mLot Load (0.6ms)[0m  [1m[34mSELECT  "lots".* FROM "lots" WHERE "lots"."id" = $1 LIMIT $2[0m  [["id", 2], ["LIMIT", 1]]
  ↳ app/views/user_logs/index.html.erb:43
  [1m[36mCACHE Lot Load (0.0ms)[0m  [1m[34mSELECT  "lots".* FROM "lots" WHERE "lots"."id" = $1 LIMIT $2[0m  [["id", 2], ["LIMIT", 1]]
  ↳ app/views/user_logs/index.html.erb:43
  [1m[36mLot Load (0.5ms)[0m  [1m[34mSELECT  "lots".* FROM "lots" WHERE "lots"."id" = $1 LIMIT $2[0m  [["id", 1], ["LIMIT", 1]]
  ↳ app/views/user_logs/index.html.erb:43
  [1m[36mCACHE Lot Load (0.0ms)[0m  [1m[34mSELECT  "lots".* FROM "lots" WHERE "lots"."id" = $1 LIMIT $2[0m  [["id", 1], ["LIMIT", 1]]
  ↳ app/views/user_logs/index.html.erb:43
  [1m[36mCACHE Lot Load (0.0ms)[0m  [1m[34mSELECT  "lots".* FROM "lots" WHERE "lots"."id" = $1 LIMIT $2[0m  [["id", 1], ["LIMIT", 1]]
  ↳ app/views/user_logs/index.html.erb:43
  [1m[36mCACHE Lot Load (0.0ms)[0m  [1m[34mSELECT  "lots".* FROM "lots" WHERE "lots"."id" = $1 LIMIT $2[0m  [["id", 1], ["LIMIT", 1]]
  ↳ app/views/user_logs/index.html.erb:43
  Rendered user_logs/index.html.erb within layouts/application (32.2ms)
  Rendered shared/_navbar.html.erb (0.7ms)
  Rendered shared/_flash.html.erb (0.2ms)
Completed 200 OK in 58ms (Views: 40.8ms | ActiveRecord: 14.2ms)


Started PATCH "/users/1/logs/5/weight_out" for ::1 at 2023-07-15 14:39:33 -0400
Processing by UserLogsController#weight_out as JS
  Parameters: {"utf8"=>"✓", "authenticity_token"=>"FtL6MxbCmBqlTZ9TUSYOl9iLiStvqoCq2TlXHV3HrDcWRQbq0jsUXTTUEU9yRoLq+4STgNkiAbDzZjjQ55QQpg==", "weight_out"=>"7", "commit"=>"Enter", "user_id"=>"1", "log_id"=>"5"}
  [1m[36mUser Load (0.3ms)[0m  [1m[34mSELECT  "users".* FROM "users" WHERE "users"."id" = $1 LIMIT $2[0m  [["id", 1], ["LIMIT", 1]]
  ↳ app/controllers/application_controller.rb:5
  [1m[36mLog Load (0.4ms)[0m  [1m[34mSELECT  "logs".* FROM "logs" WHERE "logs"."id" = $1 LIMIT $2[0m  [["id", 5], ["LIMIT", 1]]
  ↳ app/controllers/user_logs_controller.rb:30
  [1m[35m (0.2ms)[0m  [1m[35mBEGIN[0m
  ↳ app/controllers/user_logs_controller.rb:33
  [1m[36mLot Load (0.3ms)[0m  [1m[34mSELECT  "lots".* FROM "lots" WHERE "lots"."id" = $1 LIMIT $2[0m  [["id", 2], ["LIMIT", 1]]
  ↳ app/controllers/user_logs_controller.rb:33
  [1m[36mLog Update (0.5ms)[0m  [1m[33mUPDATE "logs" SET "weight_out" = $1, "moisture_loss" = $2, "updated_at" = $3 WHERE "logs"."id" = $4[0m  [["weight_out", 7.0], ["moisture_loss", 0.125], ["updated_at", "2023-07-15 18:39:33.390185"], ["id", 5]]
  ↳ app/controllers/user_logs_controller.rb:33
  [1m[35m (0.5ms)[0m  [1m[35mCOMMIT[0m
  ↳ app/controllers/user_logs_controller.rb:33
Redirected to http://localhost:3000/users/1/logs
Completed 200 OK in 9ms (ActiveRecord: 2.2ms)


Started GET "/users/1/logs" for ::1 at 2023-07-15 14:39:33 -0400
Processing by UserLogsController#index as HTML
  Parameters: {"user_id"=>"1"}
  [1m[36mUser Load (1.1ms)[0m  [1m[34mSELECT  "users".* FROM "users" WHERE "users"."id" = $1 LIMIT $2[0m  [["id", 1], ["LIMIT", 1]]
  ↳ app/controllers/application_controller.rb:5
  Rendering user_logs/index.html.erb within layouts/application
  [1m[36mLog Load (11.1ms)[0m  [1m[34mSELECT "logs".* FROM "logs" INNER JOIN "lots" ON "logs"."lot_id" = "lots"."id" WHERE "lots"."user_id" = $1 ORDER BY "logs"."created_at" DESC[0m  [["user_id", 1]]
  ↳ app/views/user_logs/index.html.erb:38
  [1m[36mLot Load (0.4ms)[0m  [1m[34mSELECT  "lots".* FROM "lots" WHERE "lots"."id" = $1 LIMIT $2[0m  [["id", 2], ["LIMIT", 1]]
  ↳ app/views/user_logs/index.html.erb:43
  [1m[36mCACHE Lot Load (0.0ms)[0m  [1m[34mSELECT  "lots".* FROM "lots" WHERE "lots"."id" = $1 LIMIT $2[0m  [["id", 2], ["LIMIT", 1]]
  ↳ app/views/user_logs/index.html.erb:43
  [1m[36mLot Load (0.4ms)[0m  [1m[34mSELECT  "lots".* FROM "lots" WHERE "lots"."id" = $1 LIMIT $2[0m  [["id", 1], ["LIMIT", 1]]
  ↳ app/views/user_logs/index.html.erb:43
  [1m[36mCACHE Lot Load (0.0ms)[0m  [1m[34mSELECT  "lots".* FROM "lots" WHERE "lots"."id" = $1 LIMIT $2[0m  [["id", 1], ["LIMIT", 1]]
  ↳ app/views/user_logs/index.html.erb:43
  [1m[36mCACHE Lot Load (0.0ms)[0m  [1m[34mSELECT  "lots".* FROM "lots" WHERE "lots"."id" = $1 LIMIT $2[0m  [["id", 1], ["LIMIT", 1]]
  ↳ app/views/user_logs/index.html.erb:43
  [1m[36mCACHE Lot Load (0.0ms)[0m  [1m[34mSELECT  "lots".* FROM "lots" WHERE "lots"."id" = $1 LIMIT $2[0m  [["id", 1], ["LIMIT", 1]]
  ↳ app/views/user_logs/index.html.erb:43
  Rendered user_logs/index.html.erb within layouts/application (30.8ms)
  Rendered shared/_navbar.html.erb (1.3ms)
  Rendered shared/_flash.html.erb (0.4ms)
Completed 200 OK in 67ms (Views: 50.2ms | ActiveRecord: 13.1ms)


Started PATCH "/users/1/logs/6/weight_out" for ::1 at 2023-07-15 14:39:35 -0400
Processing by UserLogsController#weight_out as JS
  Parameters: {"utf8"=>"✓", "authenticity_token"=>"HI8U1NJ0nJr+r0AywUgCDAiYf9XlWQDFXX0T53oBAHDz0Va+C0lI5H43m5GUM0fAqoGjuJuVyfuh8gBaMROmfQ==", "weight_out"=>"7", "commit"=>"Enter", "user_id"=>"1", "log_id"=>"6"}
  [1m[36mUser Load (0.3ms)[0m  [1m[34mSELECT  "users".* FROM "users" WHERE "users"."id" = $1 LIMIT $2[0m  [["id", 1], ["LIMIT", 1]]
  ↳ app/controllers/application_controller.rb:5
  [1m[36mLog Load (0.4ms)[0m  [1m[34mSELECT  "logs".* FROM "logs" WHERE "logs"."id" = $1 LIMIT $2[0m  [["id", 6], ["LIMIT", 1]]
  ↳ app/controllers/user_logs_controller.rb:30
  [1m[35m (0.2ms)[0m  [1m[35mBEGIN[0m
  ↳ app/controllers/user_logs_controller.rb:33
  [1m[36mLot Load (0.3ms)[0m  [1m[34mSELECT  "lots".* FROM "lots" WHERE "lots"."id" = $1 LIMIT $2[0m  [["id", 2], ["LIMIT", 1]]
  ↳ app/controllers/user_logs_controller.rb:33
  [1m[36mLog Update (1.5ms)[0m  [1m[33mUPDATE "logs" SET "weight_out" = $1, "moisture_loss" = $2, "updated_at" = $3 WHERE "logs"."id" = $4[0m  [["weight_out", 7.0], ["moisture_loss", 0.125], ["updated_at", "2023-07-15 18:39:35.138621"], ["id", 6]]
  ↳ app/controllers/user_logs_controller.rb:33
  [1m[35m (0.9ms)[0m  [1m[35mCOMMIT[0m
  ↳ app/controllers/user_logs_controller.rb:33
Redirected to http://localhost:3000/users/1/logs
Completed 200 OK in 14ms (ActiveRecord: 3.6ms)


Started GET "/users/1/logs" for ::1 at 2023-07-15 14:39:35 -0400
Processing by UserLogsController#index as HTML
  Parameters: {"user_id"=>"1"}
  [1m[36mUser Load (0.3ms)[0m  [1m[34mSELECT  "users".* FROM "users" WHERE "users"."id" = $1 LIMIT $2[0m  [["id", 1], ["LIMIT", 1]]
  ↳ app/controllers/application_controller.rb:5
  Rendering user_logs/index.html.erb within layouts/application
  [1m[36mLog Load (0.8ms)[0m  [1m[34mSELECT "logs".* FROM "logs" INNER JOIN "lots" ON "logs"."lot_id" = "lots"."id" WHERE "lots"."user_id" = $1 ORDER BY "logs"."created_at" DESC[0m  [["user_id", 1]]
  ↳ app/views/user_logs/index.html.erb:38
  [1m[36mLot Load (0.2ms)[0m  [1m[34mSELECT  "lots".* FROM "lots" WHERE "lots"."id" = $1 LIMIT $2[0m  [["id", 2], ["LIMIT", 1]]
  ↳ app/views/user_logs/index.html.erb:43
  [1m[36mCACHE Lot Load (0.0ms)[0m  [1m[34mSELECT  "lots".* FROM "lots" WHERE "lots"."id" = $1 LIMIT $2[0m  [["id", 2], ["LIMIT", 1]]
  ↳ app/views/user_logs/index.html.erb:43
  [1m[36mLot Load (0.2ms)[0m  [1m[34mSELECT  "lots".* FROM "lots" WHERE "lots"."id" = $1 LIMIT $2[0m  [["id", 1], ["LIMIT", 1]]
  ↳ app/views/user_logs/index.html.erb:43
  [1m[36mCACHE Lot Load (0.0ms)[0m  [1m[34mSELECT  "lots".* FROM "lots" WHERE "lots"."id" = $1 LIMIT $2[0m  [["id", 1], ["LIMIT", 1]]
  ↳ app/views/user_logs/index.html.erb:43
  [1m[36mCACHE Lot Load (0.0ms)[0m  [1m[34mSELECT  "lots".* FROM "lots" WHERE "lots"."id" = $1 LIMIT $2[0m  [["id", 1], ["LIMIT", 1]]
  ↳ app/views/user_logs/index.html.erb:43
  [1m[36mCACHE Lot Load (0.0ms)[0m  [1m[34mSELECT  "lots".* FROM "lots" WHERE "lots"."id" = $1 LIMIT $2[0m  [["id", 1], ["LIMIT", 1]]
  ↳ app/views/user_logs/index.html.erb:43
  Rendered user_logs/index.html.erb within layouts/application (10.3ms)
  Rendered shared/_navbar.html.erb (1.0ms)
  Rendered shared/_flash.html.erb (0.3ms)
Completed 200 OK in 38ms (Views: 34.7ms | ActiveRecord: 1.5ms)


Started GET "/users/1/logs/new" for ::1 at 2023-07-15 14:39:39 -0400
Processing by UserLogsController#new as HTML
  Parameters: {"user_id"=>"1"}
  [1m[36mUser Load (0.8ms)[0m  [1m[34mSELECT  "users".* FROM "users" WHERE "users"."id" = $1 LIMIT $2[0m  [["id", 1], ["LIMIT", 1]]
  ↳ app/controllers/application_controller.rb:5
  Rendering user_logs/new.html.erb within layouts/application
  [1m[36mLog Load (1.1ms)[0m  [1m[34mSELECT "logs".* FROM "logs" INNER JOIN "lots" ON "logs"."lot_id" = "lots"."id" WHERE "lots"."user_id" = $1 AND "logs"."created_at" BETWEEN $2 AND $3[0m  [["user_id", 1], ["created_at", "2023-07-15 00:00:00"], ["created_at", "2023-07-15 23:59:59.999999"]]
  ↳ app/views/user_logs/new.html.erb:32
  [1m[36mLot Load (2.5ms)[0m  [1m[34mSELECT "lots".* FROM "lots" WHERE "lots"."user_id" = $1 AND (lots.status = 2) AND (lots.current_amount > 0)[0m  [["user_id", 1]]
  ↳ app/models/lot.rb:6
  [1m[36mCACHE Lot Load (0.0ms)[0m  [1m[34mSELECT "lots".* FROM "lots" WHERE "lots"."user_id" = $1 AND (lots.status = 2) AND (lots.current_amount > 0)[0m  [["user_id", 1]]
  ↳ app/views/user_logs/new.html.erb:81
  Rendered user_logs/new.html.erb within layouts/application (49.8ms)
  Rendered shared/_navbar.html.erb (0.7ms)
  Rendered shared/_flash.html.erb (0.2ms)
Completed 200 OK in 80ms (Views: 71.4ms | ActiveRecord: 4.5ms)


Started POST "/users/1/logs" for ::1 at 2023-07-15 14:40:01 -0400
Processing by UserLogsController#create as JS
  Parameters: {"utf8"=>"✓", "authenticity_token"=>"dbRL/2hWS9jAbJO7YQvDajdFp3Wd1V2qANam+yPRGmR5xGsagJ14zzDp2vBSLvUDPsUkr0QGL/SM4gkCu/9REQ==", "log"=>{"batches"=>"1", "batch_size_kg"=>"8", "lot"=>"Example1"}, "commit"=>"Create Log", "user_id"=>"1"}
  [1m[36mUser Load (0.8ms)[0m  [1m[34mSELECT  "users".* FROM "users" WHERE "users"."id" = $1 LIMIT $2[0m  [["id", 1], ["LIMIT", 1]]
  ↳ app/controllers/application_controller.rb:5
Unpermitted parameter: :lot
  [1m[36mLot Load (0.6ms)[0m  [1m[34mSELECT  "lots".* FROM "lots" WHERE "lots"."name" = $1 LIMIT $2[0m  [["name", "Example1"], ["LIMIT", 1]]
  ↳ app/controllers/user_logs_controller.rb:14
  [1m[35m (0.2ms)[0m  [1m[35mBEGIN[0m
  ↳ app/controllers/user_logs_controller.rb:16
  [1m[36mCACHE User Load (0.0ms)[0m  [1m[34mSELECT  "users".* FROM "users" WHERE "users"."id" = $1 LIMIT $2[0m  [["id", 1], ["LIMIT", 1]]
  ↳ app/controllers/user_logs_controller.rb:16
  [1m[36mLot Update (2.4ms)[0m  [1m[33mUPDATE "lots" SET "current_amount" = $1, "updated_at" = $2 WHERE "lots"."id" = $3[0m  [["current_amount", 29.0], ["updated_at", "2023-07-15 18:40:01.563519"], ["id", 1]]
  ↳ app/controllers/user_logs_controller.rb:16
  [1m[35m (0.7ms)[0m  [1m[35mCOMMIT[0m
  ↳ app/controllers/user_logs_controller.rb:16
  [1m[35m (0.5ms)[0m  [1m[35mBEGIN[0m
  ↳ app/controllers/user_logs_controller.rb:18
  [1m[36mLot Load (0.8ms)[0m  [1m[34mSELECT  "lots".* FROM "lots" WHERE "lots"."id" = $1 LIMIT $2[0m  [["id", 1], ["LIMIT", 1]]
  ↳ app/controllers/user_logs_controller.rb:18
  [1m[36mLog Create (24.9ms)[0m  [1m[32mINSERT INTO "logs" ("batches", "batch_size_kg", "lot_id", "created_at", "updated_at", "total_roasted") VALUES ($1, $2, $3, $4, $5, $6) RETURNING "id"[0m  [["batches", 1], ["batch_size_kg", 8.0], ["lot_id", 1], ["created_at", "2023-07-15 18:40:01.574825"], ["updated_at", "2023-07-15 18:40:01.574825"], ["total_roasted", 8.0]]
  ↳ app/controllers/user_logs_controller.rb:18
  [1m[35m (1.0ms)[0m  [1m[35mCOMMIT[0m
  ↳ app/controllers/user_logs_controller.rb:18
Redirected to http://localhost:3000/users/1/logs/new
Completed 200 OK in 58ms (ActiveRecord: 31.9ms)


Started GET "/users/1/logs/new" for ::1 at 2023-07-15 14:40:01 -0400
Processing by UserLogsController#new as HTML
  Parameters: {"user_id"=>"1"}
  [1m[36mUser Load (0.3ms)[0m  [1m[34mSELECT  "users".* FROM "users" WHERE "users"."id" = $1 LIMIT $2[0m  [["id", 1], ["LIMIT", 1]]
  ↳ app/controllers/application_controller.rb:5
  Rendering user_logs/new.html.erb within layouts/application
  [1m[36mLog Load (13.6ms)[0m  [1m[34mSELECT "logs".* FROM "logs" INNER JOIN "lots" ON "logs"."lot_id" = "lots"."id" WHERE "lots"."user_id" = $1 AND "logs"."created_at" BETWEEN $2 AND $3[0m  [["user_id", 1], ["created_at", "2023-07-15 00:00:00"], ["created_at", "2023-07-15 23:59:59.999999"]]
  ↳ app/views/user_logs/new.html.erb:32
  [1m[36mLot Load (0.5ms)[0m  [1m[34mSELECT  "lots".* FROM "lots" WHERE "lots"."id" = $1 LIMIT $2[0m  [["id", 1], ["LIMIT", 1]]
  ↳ app/views/user_logs/new.html.erb:37
  [1m[36mLot Load (0.9ms)[0m  [1m[34mSELECT "lots".* FROM "lots" WHERE "lots"."user_id" = $1 AND (lots.status = 2) AND (lots.current_amount > 0)[0m  [["user_id", 1]]
  ↳ app/models/lot.rb:6
  [1m[36mCACHE Lot Load (0.0ms)[0m  [1m[34mSELECT "lots".* FROM "lots" WHERE "lots"."user_id" = $1 AND (lots.status = 2) AND (lots.current_amount > 0)[0m  [["user_id", 1]]
  ↳ app/views/user_logs/new.html.erb:81
  Rendered user_logs/new.html.erb within layouts/application (42.2ms)
  Rendered shared/_navbar.html.erb (0.6ms)
  Rendered shared/_flash.html.erb (0.3ms)
Completed 200 OK in 68ms (Views: 48.9ms | ActiveRecord: 15.4ms)


Started POST "/users/1/logs" for ::1 at 2023-07-15 14:40:03 -0400
Processing by UserLogsController#create as JS
  Parameters: {"utf8"=>"✓", "authenticity_token"=>"hcBxtEb3Nq23zw7jjlc2wer5MXSqxR41aKTyU+ORBaqJsFFRrjwFukdKR6i9cgCo43myrnMWbGvkkF2qe79O3w==", "log"=>{"batches"=>"1", "batch_size_kg"=>"8", "lot"=>"Example1"}, "commit"=>"Create Log", "user_id"=>"1"}
  [1m[36mUser Load (0.4ms)[0m  [1m[34mSELECT  "users".* FROM "users" WHERE "users"."id" = $1 LIMIT $2[0m  [["id", 1], ["LIMIT", 1]]
  ↳ app/controllers/application_controller.rb:5
Unpermitted parameter: :lot
  [1m[36mLot Load (0.6ms)[0m  [1m[34mSELECT  "lots".* FROM "lots" WHERE "lots"."name" = $1 LIMIT $2[0m  [["name", "Example1"], ["LIMIT", 1]]
  ↳ app/controllers/user_logs_controller.rb:14
  [1m[35m (0.2ms)[0m  [1m[35mBEGIN[0m
  ↳ app/controllers/user_logs_controller.rb:16
  [1m[36mCACHE User Load (0.0ms)[0m  [1m[34mSELECT  "users".* FROM "users" WHERE "users"."id" = $1 LIMIT $2[0m  [["id", 1], ["LIMIT", 1]]
  ↳ app/controllers/user_logs_controller.rb:16
  [1m[36mLot Update (0.8ms)[0m  [1m[33mUPDATE "lots" SET "current_amount" = $1, "updated_at" = $2 WHERE "lots"."id" = $3[0m  [["current_amount", 21.0], ["updated_at", "2023-07-15 18:40:03.559970"], ["id", 1]]
  ↳ app/controllers/user_logs_controller.rb:16
  [1m[35m (0.7ms)[0m  [1m[35mCOMMIT[0m
  ↳ app/controllers/user_logs_controller.rb:16
  [1m[35m (0.4ms)[0m  [1m[35mBEGIN[0m
  ↳ app/controllers/user_logs_controller.rb:18
  [1m[36mLot Load (0.3ms)[0m  [1m[34mSELECT  "lots".* FROM "lots" WHERE "lots"."id" = $1 LIMIT $2[0m  [["id", 1], ["LIMIT", 1]]
  ↳ app/controllers/user_logs_controller.rb:18
  [1m[36mLog Create (0.9ms)[0m  [1m[32mINSERT INTO "logs" ("batches", "batch_size_kg", "lot_id", "created_at", "updated_at", "total_roasted") VALUES ($1, $2, $3, $4, $5, $6) RETURNING "id"[0m  [["batches", 1], ["batch_size_kg", 8.0], ["lot_id", 1], ["created_at", "2023-07-15 18:40:03.567183"], ["updated_at", "2023-07-15 18:40:03.567183"], ["total_roasted", 8.0]]
  ↳ app/controllers/user_logs_controller.rb:18
  [1m[35m (0.6ms)[0m  [1m[35mCOMMIT[0m
  ↳ app/controllers/user_logs_controller.rb:18
Redirected to http://localhost:3000/users/1/logs/new
Completed 200 OK in 19ms (ActiveRecord: 4.8ms)


Started GET "/users/1/logs/new" for ::1 at 2023-07-15 14:40:03 -0400
Processing by UserLogsController#new as HTML
  Parameters: {"user_id"=>"1"}
  [1m[36mUser Load (0.3ms)[0m  [1m[34mSELECT  "users".* FROM "users" WHERE "users"."id" = $1 LIMIT $2[0m  [["id", 1], ["LIMIT", 1]]
  ↳ app/controllers/application_controller.rb:5
  Rendering user_logs/new.html.erb within layouts/application
  [1m[36mLog Load (0.7ms)[0m  [1m[34mSELECT "logs".* FROM "logs" INNER JOIN "lots" ON "logs"."lot_id" = "lots"."id" WHERE "lots"."user_id" = $1 AND "logs"."created_at" BETWEEN $2 AND $3[0m  [["user_id", 1], ["created_at", "2023-07-15 00:00:00"], ["created_at", "2023-07-15 23:59:59.999999"]]
  ↳ app/views/user_logs/new.html.erb:32
  [1m[36mLot Load (0.4ms)[0m  [1m[34mSELECT  "lots".* FROM "lots" WHERE "lots"."id" = $1 LIMIT $2[0m  [["id", 1], ["LIMIT", 1]]
  ↳ app/views/user_logs/new.html.erb:37
  [1m[36mCACHE Lot Load (0.0ms)[0m  [1m[34mSELECT  "lots".* FROM "lots" WHERE "lots"."id" = $1 LIMIT $2[0m  [["id", 1], ["LIMIT", 1]]
  ↳ app/views/user_logs/new.html.erb:37
  [1m[36mLot Load (0.7ms)[0m  [1m[34mSELECT "lots".* FROM "lots" WHERE "lots"."user_id" = $1 AND (lots.status = 2) AND (lots.current_amount > 0)[0m  [["user_id", 1]]
  ↳ app/models/lot.rb:6
  [1m[36mCACHE Lot Load (0.0ms)[0m  [1m[34mSELECT "lots".* FROM "lots" WHERE "lots"."user_id" = $1 AND (lots.status = 2) AND (lots.current_amount > 0)[0m  [["user_id", 1]]
  ↳ app/views/user_logs/new.html.erb:81
  Rendered user_logs/new.html.erb within layouts/application (17.1ms)
  Rendered shared/_navbar.html.erb (1.6ms)
  Rendered shared/_flash.html.erb (2.2ms)
Completed 200 OK in 50ms (Views: 45.2ms | ActiveRecord: 2.1ms)


Started POST "/users/1/logs" for ::1 at 2023-07-15 14:40:06 -0400
Processing by UserLogsController#create as JS
  Parameters: {"utf8"=>"✓", "authenticity_token"=>"TJ/CCr3ovP06Pl6PYXHMl4Jt5hvsM30vBEh1otZETylA7+LvVSOP6sq7F8RSVPr+i+1lwTXgD3GIfNpbTmoEXA==", "log"=>{"batches"=>"1", "batch_size_kg"=>"8", "lot"=>"Guatemala"}, "commit"=>"Create Log", "user_id"=>"1"}
  [1m[36mUser Load (0.5ms)[0m  [1m[34mSELECT  "users".* FROM "users" WHERE "users"."id" = $1 LIMIT $2[0m  [["id", 1], ["LIMIT", 1]]
  ↳ app/controllers/application_controller.rb:5
Unpermitted parameter: :lot
  [1m[36mLot Load (0.6ms)[0m  [1m[34mSELECT  "lots".* FROM "lots" WHERE "lots"."name" = $1 LIMIT $2[0m  [["name", "Guatemala"], ["LIMIT", 1]]
  ↳ app/controllers/user_logs_controller.rb:14
  [1m[35m (0.2ms)[0m  [1m[35mBEGIN[0m
  ↳ app/controllers/user_logs_controller.rb:16
  [1m[36mCACHE User Load (0.0ms)[0m  [1m[34mSELECT  "users".* FROM "users" WHERE "users"."id" = $1 LIMIT $2[0m  [["id", 1], ["LIMIT", 1]]
  ↳ app/controllers/user_logs_controller.rb:16
  [1m[36mLot Update (0.8ms)[0m  [1m[33mUPDATE "lots" SET "current_amount" = $1, "updated_at" = $2 WHERE "lots"."id" = $3[0m  [["current_amount", 44.980000000000004], ["updated_at", "2023-07-15 18:40:06.374648"], ["id", 2]]
  ↳ app/controllers/user_logs_controller.rb:16
  [1m[35m (1.3ms)[0m  [1m[35mCOMMIT[0m
  ↳ app/controllers/user_logs_controller.rb:16
  [1m[35m (0.2ms)[0m  [1m[35mBEGIN[0m
  ↳ app/controllers/user_logs_controller.rb:18
  [1m[36mLot Load (0.4ms)[0m  [1m[34mSELECT  "lots".* FROM "lots" WHERE "lots"."id" = $1 LIMIT $2[0m  [["id", 2], ["LIMIT", 1]]
  ↳ app/controllers/user_logs_controller.rb:18
  [1m[36mLog Create (1.0ms)[0m  [1m[32mINSERT INTO "logs" ("batches", "batch_size_kg", "lot_id", "created_at", "updated_at", "total_roasted") VALUES ($1, $2, $3, $4, $5, $6) RETURNING "id"[0m  [["batches", 1], ["batch_size_kg", 8.0], ["lot_id", 2], ["created_at", "2023-07-15 18:40:06.382361"], ["updated_at", "2023-07-15 18:40:06.382361"], ["total_roasted", 8.0]]
  ↳ app/controllers/user_logs_controller.rb:18
  [1m[35m (0.3ms)[0m  [1m[35mCOMMIT[0m
  ↳ app/controllers/user_logs_controller.rb:18
Redirected to http://localhost:3000/users/1/logs/new
Completed 200 OK in 21ms (ActiveRecord: 5.3ms)


Started GET "/users/1/logs/new" for ::1 at 2023-07-15 14:40:06 -0400
Processing by UserLogsController#new as HTML
  Parameters: {"user_id"=>"1"}
  [1m[36mUser Load (0.3ms)[0m  [1m[34mSELECT  "users".* FROM "users" WHERE "users"."id" = $1 LIMIT $2[0m  [["id", 1], ["LIMIT", 1]]
  ↳ app/controllers/application_controller.rb:5
  Rendering user_logs/new.html.erb within layouts/application
  [1m[36mLog Load (0.7ms)[0m  [1m[34mSELECT "logs".* FROM "logs" INNER JOIN "lots" ON "logs"."lot_id" = "lots"."id" WHERE "lots"."user_id" = $1 AND "logs"."created_at" BETWEEN $2 AND $3[0m  [["user_id", 1], ["created_at", "2023-07-15 00:00:00"], ["created_at", "2023-07-15 23:59:59.999999"]]
  ↳ app/views/user_logs/new.html.erb:32
  [1m[36mLot Load (0.2ms)[0m  [1m[34mSELECT  "lots".* FROM "lots" WHERE "lots"."id" = $1 LIMIT $2[0m  [["id", 1], ["LIMIT", 1]]
  ↳ app/views/user_logs/new.html.erb:37
  [1m[36mCACHE Lot Load (0.0ms)[0m  [1m[34mSELECT  "lots".* FROM "lots" WHERE "lots"."id" = $1 LIMIT $2[0m  [["id", 1], ["LIMIT", 1]]
  ↳ app/views/user_logs/new.html.erb:37
  [1m[36mLot Load (0.2ms)[0m  [1m[34mSELECT  "lots".* FROM "lots" WHERE "lots"."id" = $1 LIMIT $2[0m  [["id", 2], ["LIMIT", 1]]
  ↳ app/views/user_logs/new.html.erb:37
  [1m[36mLot Load (0.7ms)[0m  [1m[34mSELECT "lots".* FROM "lots" WHERE "lots"."user_id" = $1 AND (lots.status = 2) AND (lots.current_amount > 0)[0m  [["user_id", 1]]
  ↳ app/models/lot.rb:6
  [1m[36mCACHE Lot Load (0.0ms)[0m  [1m[34mSELECT "lots".* FROM "lots" WHERE "lots"."user_id" = $1 AND (lots.status = 2) AND (lots.current_amount > 0)[0m  [["user_id", 1]]
  ↳ app/views/user_logs/new.html.erb:81
  Rendered user_logs/new.html.erb within layouts/application (17.9ms)
  Rendered shared/_navbar.html.erb (1.0ms)
  Rendered shared/_flash.html.erb (0.3ms)
Completed 200 OK in 51ms (Views: 46.3ms | ActiveRecord: 2.2ms)


Started PATCH "/users/1/logs/7/weight_out" for ::1 at 2023-07-15 14:40:10 -0400
Processing by UserLogsController#weight_out as JS
  Parameters: {"utf8"=>"✓", "authenticity_token"=>"32z8WlPn9UFZ5I2U2gO+f33FlCFPUGlD4Lm0xPvH/NMRvuJTqj1gbPkTexUJEyQjjDPgomMKNWAJKumPyHfNWA==", "hidden"=>"today", "weight_out"=>"7", "commit"=>"Enter", "user_id"=>"1", "log_id"=>"7"}
  [1m[36mUser Load (0.5ms)[0m  [1m[34mSELECT  "users".* FROM "users" WHERE "users"."id" = $1 LIMIT $2[0m  [["id", 1], ["LIMIT", 1]]
  ↳ app/controllers/application_controller.rb:5
  [1m[36mLog Load (0.6ms)[0m  [1m[34mSELECT  "logs".* FROM "logs" WHERE "logs"."id" = $1 LIMIT $2[0m  [["id", 7], ["LIMIT", 1]]
  ↳ app/controllers/user_logs_controller.rb:30
  [1m[35m (0.2ms)[0m  [1m[35mBEGIN[0m
  ↳ app/controllers/user_logs_controller.rb:33
  [1m[36mLot Load (0.4ms)[0m  [1m[34mSELECT  "lots".* FROM "lots" WHERE "lots"."id" = $1 LIMIT $2[0m  [["id", 1], ["LIMIT", 1]]
  ↳ app/controllers/user_logs_controller.rb:33
  [1m[36mLog Update (1.0ms)[0m  [1m[33mUPDATE "logs" SET "weight_out" = $1, "moisture_loss" = $2, "updated_at" = $3 WHERE "logs"."id" = $4[0m  [["weight_out", 7.0], ["moisture_loss", 0.125], ["updated_at", "2023-07-15 18:40:10.834682"], ["id", 7]]
  ↳ app/controllers/user_logs_controller.rb:33
  [1m[35m (1.8ms)[0m  [1m[35mCOMMIT[0m
  ↳ app/controllers/user_logs_controller.rb:33
Redirected to http://localhost:3000/users/1/logs/new
Completed 200 OK in 17ms (ActiveRecord: 4.5ms)


Started GET "/users/1/logs/new" for ::1 at 2023-07-15 14:40:10 -0400
Processing by UserLogsController#new as HTML
  Parameters: {"user_id"=>"1"}
  [1m[36mUser Load (0.3ms)[0m  [1m[34mSELECT  "users".* FROM "users" WHERE "users"."id" = $1 LIMIT $2[0m  [["id", 1], ["LIMIT", 1]]
  ↳ app/controllers/application_controller.rb:5
  Rendering user_logs/new.html.erb within layouts/application
  [1m[36mLog Load (0.7ms)[0m  [1m[34mSELECT "logs".* FROM "logs" INNER JOIN "lots" ON "logs"."lot_id" = "lots"."id" WHERE "lots"."user_id" = $1 AND "logs"."created_at" BETWEEN $2 AND $3[0m  [["user_id", 1], ["created_at", "2023-07-15 00:00:00"], ["created_at", "2023-07-15 23:59:59.999999"]]
  ↳ app/views/user_logs/new.html.erb:32
  [1m[36mLot Load (0.2ms)[0m  [1m[34mSELECT  "lots".* FROM "lots" WHERE "lots"."id" = $1 LIMIT $2[0m  [["id", 1], ["LIMIT", 1]]
  ↳ app/views/user_logs/new.html.erb:37
  [1m[36mCACHE Lot Load (0.0ms)[0m  [1m[34mSELECT  "lots".* FROM "lots" WHERE "lots"."id" = $1 LIMIT $2[0m  [["id", 1], ["LIMIT", 1]]
  ↳ app/views/user_logs/new.html.erb:37
  [1m[36mLot Load (0.5ms)[0m  [1m[34mSELECT  "lots".* FROM "lots" WHERE "lots"."id" = $1 LIMIT $2[0m  [["id", 2], ["LIMIT", 1]]
  ↳ app/views/user_logs/new.html.erb:37
  [1m[36mLot Load (0.6ms)[0m  [1m[34mSELECT "lots".* FROM "lots" WHERE "lots"."user_id" = $1 AND (lots.status = 2) AND (lots.current_amount > 0)[0m  [["user_id", 1]]
  ↳ app/models/lot.rb:6
  [1m[36mCACHE Lot Load (0.0ms)[0m  [1m[34mSELECT "lots".* FROM "lots" WHERE "lots"."user_id" = $1 AND (lots.status = 2) AND (lots.current_amount > 0)[0m  [["user_id", 1]]
  ↳ app/views/user_logs/new.html.erb:81
  Rendered user_logs/new.html.erb within layouts/application (17.8ms)
  Rendered shared/_navbar.html.erb (0.6ms)
  Rendered shared/_flash.html.erb (0.2ms)
Completed 200 OK in 43ms (Views: 37.9ms | ActiveRecord: 2.4ms)


Started PATCH "/users/1/logs/8/weight_out" for ::1 at 2023-07-15 14:40:13 -0400
Processing by UserLogsController#weight_out as JS
  Parameters: {"utf8"=>"✓", "authenticity_token"=>"LuSJIR4a9J4NQrv+n4TgICqwNImqBaI5DxAyITQp74qXwiU2sOYsOejRh4pAgQ0AhRKobcxnNnucgPoPnFMXhg==", "hidden"=>"today", "weight_out"=>"7", "commit"=>"Enter", "user_id"=>"1", "log_id"=>"8"}
  [1m[36mUser Load (0.4ms)[0m  [1m[34mSELECT  "users".* FROM "users" WHERE "users"."id" = $1 LIMIT $2[0m  [["id", 1], ["LIMIT", 1]]
  ↳ app/controllers/application_controller.rb:5
  [1m[36mLog Load (0.5ms)[0m  [1m[34mSELECT  "logs".* FROM "logs" WHERE "logs"."id" = $1 LIMIT $2[0m  [["id", 8], ["LIMIT", 1]]
  ↳ app/controllers/user_logs_controller.rb:30
  [1m[35m (0.3ms)[0m  [1m[35mBEGIN[0m
  ↳ app/controllers/user_logs_controller.rb:33
  [1m[36mLot Load (2.2ms)[0m  [1m[34mSELECT  "lots".* FROM "lots" WHERE "lots"."id" = $1 LIMIT $2[0m  [["id", 1], ["LIMIT", 1]]
  ↳ app/controllers/user_logs_controller.rb:33
  [1m[36mLog Update (0.6ms)[0m  [1m[33mUPDATE "logs" SET "weight_out" = $1, "moisture_loss" = $2, "updated_at" = $3 WHERE "logs"."id" = $4[0m  [["weight_out", 7.0], ["moisture_loss", 0.125], ["updated_at", "2023-07-15 18:40:13.108332"], ["id", 8]]
  ↳ app/controllers/user_logs_controller.rb:33
  [1m[35m (0.6ms)[0m  [1m[35mCOMMIT[0m
  ↳ app/controllers/user_logs_controller.rb:33
Redirected to http://localhost:3000/users/1/logs/new
Completed 200 OK in 13ms (ActiveRecord: 4.5ms)


Started GET "/users/1/logs/new" for ::1 at 2023-07-15 14:40:13 -0400
Processing by UserLogsController#new as HTML
  Parameters: {"user_id"=>"1"}
  [1m[36mUser Load (0.9ms)[0m  [1m[34mSELECT  "users".* FROM "users" WHERE "users"."id" = $1 LIMIT $2[0m  [["id", 1], ["LIMIT", 1]]
  ↳ app/controllers/application_controller.rb:5
  Rendering user_logs/new.html.erb within layouts/application
  [1m[36mLog Load (0.7ms)[0m  [1m[34mSELECT "logs".* FROM "logs" INNER JOIN "lots" ON "logs"."lot_id" = "lots"."id" WHERE "lots"."user_id" = $1 AND "logs"."created_at" BETWEEN $2 AND $3[0m  [["user_id", 1], ["created_at", "2023-07-15 00:00:00"], ["created_at", "2023-07-15 23:59:59.999999"]]
  ↳ app/views/user_logs/new.html.erb:32
  [1m[36mLot Load (0.4ms)[0m  [1m[34mSELECT  "lots".* FROM "lots" WHERE "lots"."id" = $1 LIMIT $2[0m  [["id", 1], ["LIMIT", 1]]
  ↳ app/views/user_logs/new.html.erb:37
  [1m[36mCACHE Lot Load (0.0ms)[0m  [1m[34mSELECT  "lots".* FROM "lots" WHERE "lots"."id" = $1 LIMIT $2[0m  [["id", 1], ["LIMIT", 1]]
  ↳ app/views/user_logs/new.html.erb:37
  [1m[36mLot Load (0.3ms)[0m  [1m[34mSELECT  "lots".* FROM "lots" WHERE "lots"."id" = $1 LIMIT $2[0m  [["id", 2], ["LIMIT", 1]]
  ↳ app/views/user_logs/new.html.erb:37
  [1m[36mLot Load (0.5ms)[0m  [1m[34mSELECT "lots".* FROM "lots" WHERE "lots"."user_id" = $1 AND (lots.status = 2) AND (lots.current_amount > 0)[0m  [["user_id", 1]]
  ↳ app/models/lot.rb:6
  [1m[36mCACHE Lot Load (0.0ms)[0m  [1m[34mSELECT "lots".* FROM "lots" WHERE "lots"."user_id" = $1 AND (lots.status = 2) AND (lots.current_amount > 0)[0m  [["user_id", 1]]
  ↳ app/views/user_logs/new.html.erb:81
  Rendered user_logs/new.html.erb within layouts/application (15.7ms)
  Rendered shared/_navbar.html.erb (0.6ms)
  Rendered shared/_flash.html.erb (0.2ms)
Completed 200 OK in 38ms (Views: 32.0ms | ActiveRecord: 2.9ms)


Started PATCH "/users/1/logs/9/weight_out" for ::1 at 2023-07-15 14:40:15 -0400
Processing by UserLogsController#weight_out as JS
  Parameters: {"utf8"=>"✓", "authenticity_token"=>"pgBMFfzfwIcAxiYRk1jEqH2g/sYzJ+bpIGztMCaR/b72iw9tGhHH7hLCiz6xm+fYwZtvd7axMHbu2KQPNDxtnA==", "hidden"=>"today", "weight_out"=>"7", "commit"=>"Enter", "user_id"=>"1", "log_id"=>"9"}
  [1m[36mUser Load (0.4ms)[0m  [1m[34mSELECT  "users".* FROM "users" WHERE "users"."id" = $1 LIMIT $2[0m  [["id", 1], ["LIMIT", 1]]
  ↳ app/controllers/application_controller.rb:5
  [1m[36mLog Load (0.7ms)[0m  [1m[34mSELECT  "logs".* FROM "logs" WHERE "logs"."id" = $1 LIMIT $2[0m  [["id", 9], ["LIMIT", 1]]
  ↳ app/controllers/user_logs_controller.rb:30
  [1m[35m (0.2ms)[0m  [1m[35mBEGIN[0m
  ↳ app/controllers/user_logs_controller.rb:33
  [1m[36mLot Load (0.4ms)[0m  [1m[34mSELECT  "lots".* FROM "lots" WHERE "lots"."id" = $1 LIMIT $2[0m  [["id", 2], ["LIMIT", 1]]
  ↳ app/controllers/user_logs_controller.rb:33
  [1m[36mLog Update (0.6ms)[0m  [1m[33mUPDATE "logs" SET "weight_out" = $1, "moisture_loss" = $2, "updated_at" = $3 WHERE "logs"."id" = $4[0m  [["weight_out", 7.0], ["moisture_loss", 0.125], ["updated_at", "2023-07-15 18:40:15.561145"], ["id", 9]]
  ↳ app/controllers/user_logs_controller.rb:33
  [1m[35m (0.6ms)[0m  [1m[35mCOMMIT[0m
  ↳ app/controllers/user_logs_controller.rb:33
Redirected to http://localhost:3000/users/1/logs/new
Completed 200 OK in 13ms (ActiveRecord: 2.8ms)


Started GET "/users/1/logs/new" for ::1 at 2023-07-15 14:40:15 -0400
Processing by UserLogsController#new as HTML
  Parameters: {"user_id"=>"1"}
  [1m[36mUser Load (0.4ms)[0m  [1m[34mSELECT  "users".* FROM "users" WHERE "users"."id" = $1 LIMIT $2[0m  [["id", 1], ["LIMIT", 1]]
  ↳ app/controllers/application_controller.rb:5
  Rendering user_logs/new.html.erb within layouts/application
  [1m[36mLog Load (0.4ms)[0m  [1m[34mSELECT "logs".* FROM "logs" INNER JOIN "lots" ON "logs"."lot_id" = "lots"."id" WHERE "lots"."user_id" = $1 AND "logs"."created_at" BETWEEN $2 AND $3[0m  [["user_id", 1], ["created_at", "2023-07-15 00:00:00"], ["created_at", "2023-07-15 23:59:59.999999"]]
  ↳ app/views/user_logs/new.html.erb:32
  [1m[36mLot Load (0.2ms)[0m  [1m[34mSELECT  "lots".* FROM "lots" WHERE "lots"."id" = $1 LIMIT $2[0m  [["id", 1], ["LIMIT", 1]]
  ↳ app/views/user_logs/new.html.erb:37
  [1m[36mCACHE Lot Load (0.0ms)[0m  [1m[34mSELECT  "lots".* FROM "lots" WHERE "lots"."id" = $1 LIMIT $2[0m  [["id", 1], ["LIMIT", 1]]
  ↳ app/views/user_logs/new.html.erb:37
  [1m[36mLot Load (0.2ms)[0m  [1m[34mSELECT  "lots".* FROM "lots" WHERE "lots"."id" = $1 LIMIT $2[0m  [["id", 2], ["LIMIT", 1]]
  ↳ app/views/user_logs/new.html.erb:37
  [1m[36mLot Load (0.7ms)[0m  [1m[34mSELECT "lots".* FROM "lots" WHERE "lots"."user_id" = $1 AND (lots.status = 2) AND (lots.current_amount > 0)[0m  [["user_id", 1]]
  ↳ app/models/lot.rb:6
  [1m[36mCACHE Lot Load (0.0ms)[0m  [1m[34mSELECT "lots".* FROM "lots" WHERE "lots"."user_id" = $1 AND (lots.status = 2) AND (lots.current_amount > 0)[0m  [["user_id", 1]]
  ↳ app/views/user_logs/new.html.erb:81
  Rendered user_logs/new.html.erb within layouts/application (16.5ms)
  Rendered shared/_navbar.html.erb (0.7ms)
  Rendered shared/_flash.html.erb (0.2ms)
Completed 200 OK in 40ms (Views: 35.2ms | ActiveRecord: 2.0ms)


Started GET "/blends" for ::1 at 2023-07-15 14:40:36 -0400
Processing by BlendsController#index as HTML
  [1m[36mUser Load (0.7ms)[0m  [1m[34mSELECT  "users".* FROM "users" WHERE "users"."id" = $1 LIMIT $2[0m  [["id", 1], ["LIMIT", 1]]
  ↳ app/controllers/application_controller.rb:5
  Rendering blends/index.html.erb within layouts/application
  [1m[36mBlend Load (13.1ms)[0m  [1m[34mSELECT "blends".* FROM "blends" WHERE "blends"."user_id" = $1 ORDER BY "blends"."created_at" DESC[0m  [["user_id", 1]]
  ↳ app/views/blends/index.html.erb:36
  Rendered blends/index.html.erb within layouts/application (31.0ms)
  Rendered shared/_navbar.html.erb (0.9ms)
  Rendered shared/_flash.html.erb (0.3ms)
Completed 200 OK in 78ms (Views: 59.7ms | ActiveRecord: 13.8ms)


Started GET "/blends/new" for ::1 at 2023-07-15 14:40:38 -0400
Processing by BlendsController#new as HTML
  [1m[36mUser Load (2.8ms)[0m  [1m[34mSELECT  "users".* FROM "users" WHERE "users"."id" = $1 LIMIT $2[0m  [["id", 1], ["LIMIT", 1]]
  ↳ app/controllers/application_controller.rb:5
  Rendering blends/new.html.erb within layouts/application
  [1m[36mBlend Load (4.5ms)[0m  [1m[34mSELECT "blends".* FROM "blends" WHERE "blends"."user_id" = $1 AND "blends"."created_at" BETWEEN $2 AND $3[0m  [["user_id", 1], ["created_at", "2023-07-15 00:00:00"], ["created_at", "2023-07-15 23:59:59.999999"]]
  ↳ app/views/blends/new.html.erb:27
  [1m[35m (1.1ms)[0m  [1m[34mSELECT "name", "logs"."id" FROM "logs" INNER JOIN "lots" ON "logs"."lot_id" = "lots"."id" WHERE "lots"."user_id" = $1 AND "logs"."created_at" BETWEEN $2 AND $3 ORDER BY "logs"."created_at" DESC[0m  [["user_id", 1], ["created_at", "2023-07-15 00:00:00"], ["created_at", "2023-07-15 23:59:59.999999"]]
  ↳ app/views/blends/new.html.erb:48
  Rendered blends/new.html.erb within layouts/application (17.3ms)
  Rendered shared/_navbar.html.erb (0.7ms)
  Rendered shared/_flash.html.erb (0.2ms)
Completed 200 OK in 50ms (Views: 37.0ms | ActiveRecord: 8.3ms)


Started GET "/users/1/logs" for ::1 at 2023-07-15 14:40:48 -0400
Processing by UserLogsController#index as HTML
  Parameters: {"user_id"=>"1"}
  [1m[36mUser Load (0.3ms)[0m  [1m[34mSELECT  "users".* FROM "users" WHERE "users"."id" = $1 LIMIT $2[0m  [["id", 1], ["LIMIT", 1]]
  ↳ app/controllers/application_controller.rb:5
  Rendering user_logs/index.html.erb within layouts/application
  [1m[36mLog Load (1.9ms)[0m  [1m[34mSELECT "logs".* FROM "logs" INNER JOIN "lots" ON "logs"."lot_id" = "lots"."id" WHERE "lots"."user_id" = $1 ORDER BY "logs"."created_at" DESC[0m  [["user_id", 1]]
  ↳ app/views/user_logs/index.html.erb:38
  [1m[36mLot Load (16.3ms)[0m  [1m[34mSELECT  "lots".* FROM "lots" WHERE "lots"."id" = $1 LIMIT $2[0m  [["id", 2], ["LIMIT", 1]]
  ↳ app/views/user_logs/index.html.erb:43
  [1m[36mLot Load (0.3ms)[0m  [1m[34mSELECT  "lots".* FROM "lots" WHERE "lots"."id" = $1 LIMIT $2[0m  [["id", 1], ["LIMIT", 1]]
  ↳ app/views/user_logs/index.html.erb:43
  [1m[36mCACHE Lot Load (0.0ms)[0m  [1m[34mSELECT  "lots".* FROM "lots" WHERE "lots"."id" = $1 LIMIT $2[0m  [["id", 1], ["LIMIT", 1]]
  ↳ app/views/user_logs/index.html.erb:43
  [1m[36mCACHE Lot Load (0.0ms)[0m  [1m[34mSELECT  "lots".* FROM "lots" WHERE "lots"."id" = $1 LIMIT $2[0m  [["id", 2], ["LIMIT", 1]]
  ↳ app/views/user_logs/index.html.erb:43
  [1m[36mCACHE Lot Load (0.0ms)[0m  [1m[34mSELECT  "lots".* FROM "lots" WHERE "lots"."id" = $1 LIMIT $2[0m  [["id", 2], ["LIMIT", 1]]
  ↳ app/views/user_logs/index.html.erb:43
  [1m[36mCACHE Lot Load (0.0ms)[0m  [1m[34mSELECT  "lots".* FROM "lots" WHERE "lots"."id" = $1 LIMIT $2[0m  [["id", 1], ["LIMIT", 1]]
  ↳ app/views/user_logs/index.html.erb:43
  [1m[36mCACHE Lot Load (0.0ms)[0m  [1m[34mSELECT  "lots".* FROM "lots" WHERE "lots"."id" = $1 LIMIT $2[0m  [["id", 1], ["LIMIT", 1]]
  ↳ app/views/user_logs/index.html.erb:43
  [1m[36mCACHE Lot Load (0.0ms)[0m  [1m[34mSELECT  "lots".* FROM "lots" WHERE "lots"."id" = $1 LIMIT $2[0m  [["id", 1], ["LIMIT", 1]]
  ↳ app/views/user_logs/index.html.erb:43
  [1m[36mCACHE Lot Load (0.0ms)[0m  [1m[34mSELECT  "lots".* FROM "lots" WHERE "lots"."id" = $1 LIMIT $2[0m  [["id", 1], ["LIMIT", 1]]
  ↳ app/views/user_logs/index.html.erb:43
  Rendered user_logs/index.html.erb within layouts/application (30.4ms)
  Rendered shared/_navbar.html.erb (0.7ms)
  Rendered shared/_flash.html.erb (0.2ms)
Completed 200 OK in 48ms (Views: 27.3ms | ActiveRecord: 18.8ms)


Started GET "/blends" for ::1 at 2023-07-15 14:40:49 -0400
Processing by BlendsController#index as HTML
  [1m[36mUser Load (0.3ms)[0m  [1m[34mSELECT  "users".* FROM "users" WHERE "users"."id" = $1 LIMIT $2[0m  [["id", 1], ["LIMIT", 1]]
  ↳ app/controllers/application_controller.rb:5
  Rendering blends/index.html.erb within layouts/application
  [1m[36mBlend Load (1.0ms)[0m  [1m[34mSELECT "blends".* FROM "blends" WHERE "blends"."user_id" = $1 ORDER BY "blends"."created_at" DESC[0m  [["user_id", 1]]
  ↳ app/views/blends/index.html.erb:36
  Rendered blends/index.html.erb within layouts/application (6.4ms)
  Rendered shared/_navbar.html.erb (0.8ms)
  Rendered shared/_flash.html.erb (0.3ms)
Completed 200 OK in 41ms (Views: 36.8ms | ActiveRecord: 1.3ms)


Started GET "/blends/new" for ::1 at 2023-07-15 14:40:54 -0400
Processing by BlendsController#new as HTML
  [1m[36mUser Load (1.4ms)[0m  [1m[34mSELECT  "users".* FROM "users" WHERE "users"."id" = $1 LIMIT $2[0m  [["id", 1], ["LIMIT", 1]]
  ↳ app/controllers/application_controller.rb:5
  Rendering blends/new.html.erb within layouts/application
  [1m[36mBlend Load (0.8ms)[0m  [1m[34mSELECT "blends".* FROM "blends" WHERE "blends"."user_id" = $1 AND "blends"."created_at" BETWEEN $2 AND $3[0m  [["user_id", 1], ["created_at", "2023-07-15 00:00:00"], ["created_at", "2023-07-15 23:59:59.999999"]]
  ↳ app/views/blends/new.html.erb:27
  [1m[35m (1.6ms)[0m  [1m[34mSELECT "name", "logs"."id" FROM "logs" INNER JOIN "lots" ON "logs"."lot_id" = "lots"."id" WHERE "lots"."user_id" = $1 AND "logs"."created_at" BETWEEN $2 AND $3 ORDER BY "logs"."created_at" DESC[0m  [["user_id", 1], ["created_at", "2023-07-15 00:00:00"], ["created_at", "2023-07-15 23:59:59.999999"]]
  ↳ app/views/blends/new.html.erb:48
  Rendered blends/new.html.erb within layouts/application (22.6ms)
  Rendered shared/_navbar.html.erb (0.7ms)
  Rendered shared/_flash.html.erb (0.3ms)
Completed 200 OK in 65ms (Views: 53.8ms | ActiveRecord: 3.7ms)


Started POST "/blends" for ::1 at 2023-07-15 14:41:19 -0400
Processing by BlendsController#create as JS
  Parameters: {"utf8"=>"✓", "authenticity_token"=>"mEXfqmbQXkYJFG30n2rXJC0nf+XGiF6QWnHEAhV47AvCVGacd9D5WHVxNf1F7JDVeFy6lXgIVdKikHlB+rynvA==", "blend"=>{"name"=>"Should remove", "notes"=>"This should remove Guat from list", "logs"=>["", "9"]}, "commit"=>"Create Blend"}
  [1m[36mUser Load (0.7ms)[0m  [1m[34mSELECT  "users".* FROM "users" WHERE "users"."id" = $1 LIMIT $2[0m  [["id", 1], ["LIMIT", 1]]
  ↳ app/controllers/application_controller.rb:5
Unpermitted parameter: :logs
  [1m[35m (0.2ms)[0m  [1m[35mBEGIN[0m
  ↳ app/controllers/blends_controller.rb:29
  [1m[36mCACHE User Load (0.0ms)[0m  [1m[34mSELECT  "users".* FROM "users" WHERE "users"."id" = $1 LIMIT $2[0m  [["id", 1], ["LIMIT", 1]]
  ↳ app/controllers/blends_controller.rb:29
  [1m[36mBlend Create (14.0ms)[0m  [1m[32mINSERT INTO "blends" ("name", "notes", "user_id", "created_at", "updated_at") VALUES ($1, $2, $3, $4, $5) RETURNING "id"[0m  [["name", "Should remove"], ["notes", "This should remove Guat from list"], ["user_id", 1], ["created_at", "2023-07-15 18:41:19.044816"], ["updated_at", "2023-07-15 18:41:19.044816"]]
  ↳ app/controllers/blends_controller.rb:29
  [1m[35m (0.8ms)[0m  [1m[35mCOMMIT[0m
  ↳ app/controllers/blends_controller.rb:29
  [1m[35m (0.1ms)[0m  [1m[35mBEGIN[0m
  ↳ app/controllers/blends_controller.rb:38
  [1m[36mBlend Load (0.3ms)[0m  [1m[34mSELECT  "blends".* FROM "blends" WHERE "blends"."id" = $1 LIMIT $2[0m  [["id", 12], ["LIMIT", 1]]
  ↳ app/controllers/blends_controller.rb:38
  [1m[36mLog Load (0.2ms)[0m  [1m[34mSELECT  "logs".* FROM "logs" WHERE "logs"."id" = $1 LIMIT $2[0m  [["id", 9], ["LIMIT", 1]]
  ↳ app/controllers/blends_controller.rb:38
  [1m[36mBlendLog Create (1.7ms)[0m  [1m[32mINSERT INTO "blend_logs" ("blend_id", "log_id", "created_at", "updated_at") VALUES ($1, $2, $3, $4) RETURNING "id"[0m  [["blend_id", 12], ["log_id", 9], ["created_at", "2023-07-15 18:41:19.099971"], ["updated_at", "2023-07-15 18:41:19.099971"]]
  ↳ app/controllers/blends_controller.rb:38
  [1m[35m (0.2ms)[0m  [1m[35mCOMMIT[0m
  ↳ app/controllers/blends_controller.rb:38
Redirected to http://localhost:3000/blends/new
Completed 200 OK in 70ms (ActiveRecord: 27.0ms)


Started GET "/blends/new" for ::1 at 2023-07-15 14:41:19 -0400
Processing by BlendsController#new as HTML
  [1m[36mUser Load (7.5ms)[0m  [1m[34mSELECT  "users".* FROM "users" WHERE "users"."id" = $1 LIMIT $2[0m  [["id", 1], ["LIMIT", 1]]
  ↳ app/controllers/application_controller.rb:5
  Rendering blends/new.html.erb within layouts/application
  [1m[36mBlend Load (0.5ms)[0m  [1m[34mSELECT "blends".* FROM "blends" WHERE "blends"."user_id" = $1 AND "blends"."created_at" BETWEEN $2 AND $3[0m  [["user_id", 1], ["created_at", "2023-07-15 00:00:00"], ["created_at", "2023-07-15 23:59:59.999999"]]
  ↳ app/views/blends/new.html.erb:27
  [1m[35m (1.2ms)[0m  [1m[34mSELECT "name", "logs"."id" FROM "logs" INNER JOIN "lots" ON "logs"."lot_id" = "lots"."id" WHERE "lots"."user_id" = $1 AND "logs"."created_at" BETWEEN $2 AND $3 ORDER BY "logs"."created_at" DESC[0m  [["user_id", 1], ["created_at", "2023-07-15 00:00:00"], ["created_at", "2023-07-15 23:59:59.999999"]]
  ↳ app/views/blends/new.html.erb:48
  Rendered blends/new.html.erb within layouts/application (9.3ms)
  Rendered shared/_navbar.html.erb (0.8ms)
  Rendered shared/_flash.html.erb (0.2ms)
Completed 200 OK in 52ms (Views: 36.1ms | ActiveRecord: 9.2ms)


Started GET "/blends/new" for ::1 at 2023-07-15 14:47:18 -0400
Processing by BlendsController#new as HTML
  [1m[36mUser Load (0.8ms)[0m  [1m[34mSELECT  "users".* FROM "users" WHERE "users"."id" = $1 LIMIT $2[0m  [["id", 1], ["LIMIT", 1]]
  ↳ app/controllers/application_controller.rb:5
  Rendering blends/new.html.erb within layouts/application
  [1m[36mBlend Load (0.9ms)[0m  [1m[34mSELECT "blends".* FROM "blends" WHERE "blends"."user_id" = $1 AND "blends"."created_at" BETWEEN $2 AND $3[0m  [["user_id", 1], ["created_at", "2023-07-15 00:00:00"], ["created_at", "2023-07-15 23:59:59.999999"]]
  ↳ app/views/blends/new.html.erb:27
  [1m[35m (0.9ms)[0m  [1m[34mSELECT "blend_logs"."log_id" FROM "blend_logs"[0m
  ↳ app/views/blends/new.html.erb:48
  [1m[35m (3.0ms)[0m  [1m[34mSELECT "name", "logs"."id" FROM "logs" INNER JOIN "lots" ON "logs"."lot_id" = "lots"."id" WHERE "lots"."user_id" = $1 AND "logs"."created_at" BETWEEN $2 AND $3 AND "logs"."id" NOT IN ($4, $5, $6, $7, $8, $9, $10, $11, $12) ORDER BY "logs"."created_at" DESC[0m  [["user_id", 1], ["created_at", "2023-07-15 00:00:00"], ["created_at", "2023-07-15 23:59:59.999999"], ["id", 1], ["id", 3], ["id", 1], ["id", 5], ["id", 1], ["id", 3], ["id", 4], ["id", 5], ["id", 9]]
  ↳ app/views/blends/new.html.erb:48
  Rendered blends/new.html.erb within layouts/application (19.2ms)
  Rendered shared/_navbar.html.erb (1.0ms)
  Rendered shared/_flash.html.erb (0.3ms)
Completed 200 OK in 61ms (Views: 48.8ms | ActiveRecord: 5.8ms)


Started POST "/blends" for ::1 at 2023-07-15 14:47:27 -0400
Processing by BlendsController#create as JS
  Parameters: {"utf8"=>"✓", "authenticity_token"=>"nX8C1pkuSYb6wXI71Ysx32WQViFRZGvdnem3/wqZ3LaNs09N8U82bk4d/8APhmptOuR6c6cYq6H6nZxhlHaw3g==", "blend"=>{"name"=>"Number 2", "notes"=>"", "logs"=>["", "8"]}, "commit"=>"Create Blend"}
  [1m[36mUser Load (1.4ms)[0m  [1m[34mSELECT  "users".* FROM "users" WHERE "users"."id" = $1 LIMIT $2[0m  [["id", 1], ["LIMIT", 1]]
  ↳ app/controllers/application_controller.rb:5
Unpermitted parameter: :logs
  [1m[35m (0.5ms)[0m  [1m[35mBEGIN[0m
  ↳ app/controllers/blends_controller.rb:29
  [1m[36mCACHE User Load (0.0ms)[0m  [1m[34mSELECT  "users".* FROM "users" WHERE "users"."id" = $1 LIMIT $2[0m  [["id", 1], ["LIMIT", 1]]
  ↳ app/controllers/blends_controller.rb:29
  [1m[36mBlend Create (2.4ms)[0m  [1m[32mINSERT INTO "blends" ("name", "notes", "user_id", "created_at", "updated_at") VALUES ($1, $2, $3, $4, $5) RETURNING "id"[0m  [["name", "Number 2"], ["notes", ""], ["user_id", 1], ["created_at", "2023-07-15 18:47:27.960607"], ["updated_at", "2023-07-15 18:47:27.960607"]]
  ↳ app/controllers/blends_controller.rb:29
  [1m[35m (1.0ms)[0m  [1m[35mCOMMIT[0m
  ↳ app/controllers/blends_controller.rb:29
  [1m[35m (0.4ms)[0m  [1m[35mBEGIN[0m
  ↳ app/controllers/blends_controller.rb:38
  [1m[36mBlend Load (0.8ms)[0m  [1m[34mSELECT  "blends".* FROM "blends" WHERE "blends"."id" = $1 LIMIT $2[0m  [["id", 13], ["LIMIT", 1]]
  ↳ app/controllers/blends_controller.rb:38
  [1m[36mLog Load (0.4ms)[0m  [1m[34mSELECT  "logs".* FROM "logs" WHERE "logs"."id" = $1 LIMIT $2[0m  [["id", 8], ["LIMIT", 1]]
  ↳ app/controllers/blends_controller.rb:38
  [1m[36mBlendLog Create (0.7ms)[0m  [1m[32mINSERT INTO "blend_logs" ("blend_id", "log_id", "created_at", "updated_at") VALUES ($1, $2, $3, $4) RETURNING "id"[0m  [["blend_id", 13], ["log_id", 8], ["created_at", "2023-07-15 18:47:27.972121"], ["updated_at", "2023-07-15 18:47:27.972121"]]
  ↳ app/controllers/blends_controller.rb:38
  [1m[35m (0.7ms)[0m  [1m[35mCOMMIT[0m
  ↳ app/controllers/blends_controller.rb:38
Redirected to http://localhost:3000/blends/new
Completed 200 OK in 22ms (ActiveRecord: 8.4ms)


Started GET "/blends/new" for ::1 at 2023-07-15 14:47:27 -0400
Processing by BlendsController#new as HTML
  [1m[36mUser Load (13.4ms)[0m  [1m[34mSELECT  "users".* FROM "users" WHERE "users"."id" = $1 LIMIT $2[0m  [["id", 1], ["LIMIT", 1]]
  ↳ app/controllers/application_controller.rb:5
  Rendering blends/new.html.erb within layouts/application
  [1m[36mBlend Load (0.5ms)[0m  [1m[34mSELECT "blends".* FROM "blends" WHERE "blends"."user_id" = $1 AND "blends"."created_at" BETWEEN $2 AND $3[0m  [["user_id", 1], ["created_at", "2023-07-15 00:00:00"], ["created_at", "2023-07-15 23:59:59.999999"]]
  ↳ app/views/blends/new.html.erb:27
  [1m[35m (0.2ms)[0m  [1m[34mSELECT "blend_logs"."log_id" FROM "blend_logs"[0m
  ↳ app/views/blends/new.html.erb:48
  [1m[35m (0.8ms)[0m  [1m[34mSELECT "name", "logs"."id" FROM "logs" INNER JOIN "lots" ON "logs"."lot_id" = "lots"."id" WHERE "lots"."user_id" = $1 AND "logs"."created_at" BETWEEN $2 AND $3 AND "logs"."id" NOT IN ($4, $5, $6, $7, $8, $9, $10, $11, $12, $13) ORDER BY "logs"."created_at" DESC[0m  [["user_id", 1], ["created_at", "2023-07-15 00:00:00"], ["created_at", "2023-07-15 23:59:59.999999"], ["id", 1], ["id", 3], ["id", 1], ["id", 5], ["id", 1], ["id", 3], ["id", 4], ["id", 5], ["id", 9], ["id", 8]]
  ↳ app/views/blends/new.html.erb:48
  Rendered blends/new.html.erb within layouts/application (6.1ms)
  Rendered shared/_navbar.html.erb (0.7ms)
  Rendered shared/_flash.html.erb (0.2ms)
Completed 200 OK in 40ms (Views: 23.7ms | ActiveRecord: 14.9ms)


Started GET "/users/1/lots" for ::1 at 2023-07-15 14:49:05 -0400
Processing by UserLotsController#index as HTML
  Parameters: {"user_id"=>"1"}
  [1m[36mUser Load (0.7ms)[0m  [1m[34mSELECT  "users".* FROM "users" WHERE "users"."id" = $1 LIMIT $2[0m  [["id", 1], ["LIMIT", 1]]
  ↳ app/controllers/application_controller.rb:5
  Rendering user_lots/index.html.erb within layouts/application
  [1m[36mLot Load (1.1ms)[0m  [1m[34mSELECT "lots".* FROM "lots" WHERE "lots"."user_id" = $1 AND (lots.status = 2 or lots.status = 1)[0m  [["user_id", 1]]
  ↳ app/views/user_lots/index.html.erb:32
  Rendered user_lots/index.html.erb within layouts/application (5.0ms)
  Rendered shared/_navbar.html.erb (0.9ms)
  Rendered shared/_flash.html.erb (0.4ms)
Completed 200 OK in 34ms (Views: 28.5ms | ActiveRecord: 1.8ms)


Started GET "/detailed_inventory" for ::1 at 2023-07-15 14:49:08 -0400
Processing by UserLotsController#detailed as HTML
  [1m[36mUser Load (0.5ms)[0m  [1m[34mSELECT  "users".* FROM "users" WHERE "users"."id" = $1 LIMIT $2[0m  [["id", 1], ["LIMIT", 1]]
  ↳ app/controllers/application_controller.rb:5
  Rendering user_lots/detailed.html.erb within layouts/application
  [1m[36mLot Load (0.6ms)[0m  [1m[34mSELECT "lots".* FROM "lots" WHERE "lots"."user_id" = $1[0m  [["user_id", 1]]
  ↳ app/views/user_lots/detailed.html.erb:38
  Rendered user_lots/detailed.html.erb within layouts/application (7.3ms)
  Rendered shared/_navbar.html.erb (0.9ms)
  Rendered shared/_flash.html.erb (0.3ms)
Completed 200 OK in 40ms (Views: 35.2ms | ActiveRecord: 1.1ms)


Started GET "/users/1/lots" for ::1 at 2023-07-15 14:49:09 -0400
Processing by UserLotsController#index as HTML
  Parameters: {"user_id"=>"1"}
  [1m[36mUser Load (0.6ms)[0m  [1m[34mSELECT  "users".* FROM "users" WHERE "users"."id" = $1 LIMIT $2[0m  [["id", 1], ["LIMIT", 1]]
  ↳ app/controllers/application_controller.rb:5
  Rendering user_lots/index.html.erb within layouts/application
  [1m[36mLot Load (0.8ms)[0m  [1m[34mSELECT "lots".* FROM "lots" WHERE "lots"."user_id" = $1 AND (lots.status = 2 or lots.status = 1)[0m  [["user_id", 1]]
  ↳ app/views/user_lots/index.html.erb:32
  Rendered user_lots/index.html.erb within layouts/application (5.3ms)
  Rendered shared/_navbar.html.erb (1.0ms)
  Rendered shared/_flash.html.erb (0.4ms)
Completed 200 OK in 49ms (Views: 44.9ms | ActiveRecord: 1.4ms)


Started GET "/detailed_inventory" for ::1 at 2023-07-15 14:49:11 -0400
Processing by UserLotsController#detailed as HTML
  [1m[36mUser Load (0.4ms)[0m  [1m[34mSELECT  "users".* FROM "users" WHERE "users"."id" = $1 LIMIT $2[0m  [["id", 1], ["LIMIT", 1]]
  ↳ app/controllers/application_controller.rb:5
  Rendering user_lots/detailed.html.erb within layouts/application
  [1m[36mLot Load (14.2ms)[0m  [1m[34mSELECT "lots".* FROM "lots" WHERE "lots"."user_id" = $1[0m  [["user_id", 1]]
  ↳ app/views/user_lots/detailed.html.erb:38
  Rendered user_lots/detailed.html.erb within layouts/application (19.0ms)
  Rendered shared/_navbar.html.erb (1.5ms)
  Rendered shared/_flash.html.erb (0.9ms)
Completed 200 OK in 44ms (Views: 27.2ms | ActiveRecord: 14.6ms)


Started GET "/users/1/lots" for ::1 at 2023-07-15 14:49:23 -0400
Processing by UserLotsController#index as HTML
  Parameters: {"user_id"=>"1"}
  [1m[36mUser Load (0.4ms)[0m  [1m[34mSELECT  "users".* FROM "users" WHERE "users"."id" = $1 LIMIT $2[0m  [["id", 1], ["LIMIT", 1]]
  ↳ app/controllers/application_controller.rb:5
  Rendering user_lots/index.html.erb within layouts/application
  [1m[36mLot Load (0.9ms)[0m  [1m[34mSELECT "lots".* FROM "lots" WHERE "lots"."user_id" = $1 AND (lots.status = 2 or lots.status = 1)[0m  [["user_id", 1]]
  ↳ app/views/user_lots/index.html.erb:32
  Rendered user_lots/index.html.erb within layouts/application (5.3ms)
  Rendered shared/_navbar.html.erb (1.2ms)
  Rendered shared/_flash.html.erb (0.4ms)
Completed 200 OK in 43ms (Views: 38.1ms | ActiveRecord: 1.4ms)


Started GET "/users/1/lots/new" for ::1 at 2023-07-15 14:49:24 -0400
Processing by UserLotsController#new as HTML
  Parameters: {"user_id"=>"1"}
  [1m[36mUser Load (0.3ms)[0m  [1m[34mSELECT  "users".* FROM "users" WHERE "users"."id" = $1 LIMIT $2[0m  [["id", 1], ["LIMIT", 1]]
  ↳ app/controllers/application_controller.rb:5
  Rendering user_lots/new.html.erb within layouts/application
  Rendered user_lots/new.html.erb within layouts/application (28.8ms)
  Rendered shared/_navbar.html.erb (0.9ms)
  Rendered shared/_flash.html.erb (0.4ms)
Completed 200 OK in 59ms (Views: 56.0ms | ActiveRecord: 0.3ms)


Started GET "/users/1/logs" for ::1 at 2023-07-15 14:52:21 -0400
Processing by UserLogsController#index as HTML
  Parameters: {"user_id"=>"1"}
  [1m[36mUser Load (2.9ms)[0m  [1m[34mSELECT  "users".* FROM "users" WHERE "users"."id" = $1 LIMIT $2[0m  [["id", 1], ["LIMIT", 1]]
  ↳ app/controllers/application_controller.rb:5
  Rendering user_logs/index.html.erb within layouts/application
  [1m[36mLog Load (1.6ms)[0m  [1m[34mSELECT "logs".* FROM "logs" INNER JOIN "lots" ON "logs"."lot_id" = "lots"."id" WHERE "lots"."user_id" = $1 ORDER BY "logs"."created_at" DESC[0m  [["user_id", 1]]
  ↳ app/views/user_logs/index.html.erb:38
  [1m[36mLot Load (0.5ms)[0m  [1m[34mSELECT  "lots".* FROM "lots" WHERE "lots"."id" = $1 LIMIT $2[0m  [["id", 2], ["LIMIT", 1]]
  ↳ app/views/user_logs/index.html.erb:43
  [1m[36mLot Load (12.4ms)[0m  [1m[34mSELECT  "lots".* FROM "lots" WHERE "lots"."id" = $1 LIMIT $2[0m  [["id", 1], ["LIMIT", 1]]
  ↳ app/views/user_logs/index.html.erb:43
  [1m[36mCACHE Lot Load (0.0ms)[0m  [1m[34mSELECT  "lots".* FROM "lots" WHERE "lots"."id" = $1 LIMIT $2[0m  [["id", 1], ["LIMIT", 1]]
  ↳ app/views/user_logs/index.html.erb:43
  [1m[36mCACHE Lot Load (0.0ms)[0m  [1m[34mSELECT  "lots".* FROM "lots" WHERE "lots"."id" = $1 LIMIT $2[0m  [["id", 2], ["LIMIT", 1]]
  ↳ app/views/user_logs/index.html.erb:43
  [1m[36mCACHE Lot Load (0.0ms)[0m  [1m[34mSELECT  "lots".* FROM "lots" WHERE "lots"."id" = $1 LIMIT $2[0m  [["id", 2], ["LIMIT", 1]]
  ↳ app/views/user_logs/index.html.erb:43
  [1m[36mCACHE Lot Load (0.0ms)[0m  [1m[34mSELECT  "lots".* FROM "lots" WHERE "lots"."id" = $1 LIMIT $2[0m  [["id", 1], ["LIMIT", 1]]
  ↳ app/views/user_logs/index.html.erb:43
  [1m[36mCACHE Lot Load (0.0ms)[0m  [1m[34mSELECT  "lots".* FROM "lots" WHERE "lots"."id" = $1 LIMIT $2[0m  [["id", 1], ["LIMIT", 1]]
  ↳ app/views/user_logs/index.html.erb:43
  [1m[36mCACHE Lot Load (0.0ms)[0m  [1m[34mSELECT  "lots".* FROM "lots" WHERE "lots"."id" = $1 LIMIT $2[0m  [["id", 1], ["LIMIT", 1]]
  ↳ app/views/user_logs/index.html.erb:43
  [1m[36mCACHE Lot Load (0.0ms)[0m  [1m[34mSELECT  "lots".* FROM "lots" WHERE "lots"."id" = $1 LIMIT $2[0m  [["id", 1], ["LIMIT", 1]]
  ↳ app/views/user_logs/index.html.erb:43
  Rendered user_logs/index.html.erb within layouts/application (39.0ms)
  Rendered shared/_navbar.html.erb (1.0ms)
  Rendered shared/_flash.html.erb (0.8ms)
Completed 200 OK in 86ms (Views: 56.4ms | ActiveRecord: 17.5ms)


Started GET "/users/1/logs/new" for ::1 at 2023-07-15 14:52:23 -0400
Processing by UserLogsController#new as HTML
  Parameters: {"user_id"=>"1"}
  [1m[36mUser Load (2.6ms)[0m  [1m[34mSELECT  "users".* FROM "users" WHERE "users"."id" = $1 LIMIT $2[0m  [["id", 1], ["LIMIT", 1]]
  ↳ app/controllers/application_controller.rb:5
  Rendering user_logs/new.html.erb within layouts/application
  [1m[36mLog Load (0.7ms)[0m  [1m[34mSELECT "logs".* FROM "logs" INNER JOIN "lots" ON "logs"."lot_id" = "lots"."id" WHERE "lots"."user_id" = $1 AND "logs"."created_at" BETWEEN $2 AND $3[0m  [["user_id", 1], ["created_at", "2023-07-15 00:00:00"], ["created_at", "2023-07-15 23:59:59.999999"]]
  ↳ app/views/user_logs/new.html.erb:32
  [1m[36mLot Load (0.4ms)[0m  [1m[34mSELECT  "lots".* FROM "lots" WHERE "lots"."id" = $1 LIMIT $2[0m  [["id", 1], ["LIMIT", 1]]
  ↳ app/views/user_logs/new.html.erb:37
  [1m[36mCACHE Lot Load (0.0ms)[0m  [1m[34mSELECT  "lots".* FROM "lots" WHERE "lots"."id" = $1 LIMIT $2[0m  [["id", 1], ["LIMIT", 1]]
  ↳ app/views/user_logs/new.html.erb:37
  [1m[36mLot Load (12.0ms)[0m  [1m[34mSELECT  "lots".* FROM "lots" WHERE "lots"."id" = $1 LIMIT $2[0m  [["id", 2], ["LIMIT", 1]]
  ↳ app/views/user_logs/new.html.erb:37
  [1m[36mLot Load (1.5ms)[0m  [1m[34mSELECT "lots".* FROM "lots" WHERE "lots"."user_id" = $1 AND (lots.status = 2) AND (lots.current_amount > 0)[0m  [["user_id", 1]]
  ↳ app/models/lot.rb:6
  [1m[36mCACHE Lot Load (0.0ms)[0m  [1m[34mSELECT "lots".* FROM "lots" WHERE "lots"."user_id" = $1 AND (lots.status = 2) AND (lots.current_amount > 0)[0m  [["user_id", 1]]
  ↳ app/views/user_logs/new.html.erb:81
  Rendered user_logs/new.html.erb within layouts/application (24.8ms)
  Rendered shared/_navbar.html.erb (0.7ms)
  Rendered shared/_flash.html.erb (0.3ms)
Completed 200 OK in 55ms (Views: 25.1ms | ActiveRecord: 17.3ms)


Started GET "/blends" for ::1 at 2023-07-15 14:52:33 -0400
Processing by BlendsController#index as HTML
  [1m[36mUser Load (0.3ms)[0m  [1m[34mSELECT  "users".* FROM "users" WHERE "users"."id" = $1 LIMIT $2[0m  [["id", 1], ["LIMIT", 1]]
  ↳ app/controllers/application_controller.rb:5
  Rendering blends/index.html.erb within layouts/application
  [1m[36mBlend Load (0.6ms)[0m  [1m[34mSELECT "blends".* FROM "blends" WHERE "blends"."user_id" = $1 ORDER BY "blends"."created_at" DESC[0m  [["user_id", 1]]
  ↳ app/views/blends/index.html.erb:36
  Rendered blends/index.html.erb within layouts/application (8.0ms)
  Rendered shared/_navbar.html.erb (1.1ms)
  Rendered shared/_flash.html.erb (0.4ms)
Completed 200 OK in 42ms (Views: 38.0ms | ActiveRecord: 0.9ms)


Started GET "/blends/new" for ::1 at 2023-07-15 14:52:34 -0400
Processing by BlendsController#new as HTML
  [1m[36mUser Load (0.5ms)[0m  [1m[34mSELECT  "users".* FROM "users" WHERE "users"."id" = $1 LIMIT $2[0m  [["id", 1], ["LIMIT", 1]]
  ↳ app/controllers/application_controller.rb:5
  Rendering blends/new.html.erb within layouts/application
  [1m[36mBlend Load (0.5ms)[0m  [1m[34mSELECT "blends".* FROM "blends" WHERE "blends"."user_id" = $1 AND "blends"."created_at" BETWEEN $2 AND $3[0m  [["user_id", 1], ["created_at", "2023-07-15 00:00:00"], ["created_at", "2023-07-15 23:59:59.999999"]]
  ↳ app/views/blends/new.html.erb:27
  [1m[35m (0.3ms)[0m  [1m[34mSELECT "blend_logs"."log_id" FROM "blend_logs"[0m
  ↳ app/views/blends/new.html.erb:48
  [1m[35m (0.9ms)[0m  [1m[34mSELECT "name", "logs"."id" FROM "logs" INNER JOIN "lots" ON "logs"."lot_id" = "lots"."id" WHERE "lots"."user_id" = $1 AND "logs"."created_at" BETWEEN $2 AND $3 AND "logs"."id" NOT IN ($4, $5, $6, $7, $8, $9, $10, $11, $12, $13) ORDER BY "logs"."created_at" DESC[0m  [["user_id", 1], ["created_at", "2023-07-15 00:00:00"], ["created_at", "2023-07-15 23:59:59.999999"], ["id", 1], ["id", 3], ["id", 1], ["id", 5], ["id", 1], ["id", 3], ["id", 4], ["id", 5], ["id", 9], ["id", 8]]
  ↳ app/views/blends/new.html.erb:48
  Rendered blends/new.html.erb within layouts/application (6.4ms)
  Rendered shared/_navbar.html.erb (0.8ms)
  Rendered shared/_flash.html.erb (0.3ms)
Completed 200 OK in 28ms (Views: 20.3ms | ActiveRecord: 2.1ms)


Started GET "/users/1/lots" for ::1 at 2023-07-15 14:52:42 -0400
Processing by UserLotsController#index as HTML
  Parameters: {"user_id"=>"1"}
  [1m[36mUser Load (2.5ms)[0m  [1m[34mSELECT  "users".* FROM "users" WHERE "users"."id" = $1 LIMIT $2[0m  [["id", 1], ["LIMIT", 1]]
  ↳ app/controllers/application_controller.rb:5
  Rendering user_lots/index.html.erb within layouts/application
  [1m[36mLot Load (1.2ms)[0m  [1m[34mSELECT "lots".* FROM "lots" WHERE "lots"."user_id" = $1 AND (lots.status = 2 or lots.status = 1)[0m  [["user_id", 1]]
  ↳ app/views/user_lots/index.html.erb:32
  Rendered user_lots/index.html.erb within layouts/application (6.4ms)
  Rendered shared/_navbar.html.erb (0.9ms)
  Rendered shared/_flash.html.erb (0.3ms)
Completed 200 OK in 43ms (Views: 33.4ms | ActiveRecord: 3.7ms)


Started GET "/detailed_inventory" for ::1 at 2023-07-15 14:52:43 -0400
Processing by UserLotsController#detailed as HTML
  [1m[36mUser Load (0.6ms)[0m  [1m[34mSELECT  "users".* FROM "users" WHERE "users"."id" = $1 LIMIT $2[0m  [["id", 1], ["LIMIT", 1]]
  ↳ app/controllers/application_controller.rb:5
  Rendering user_lots/detailed.html.erb within layouts/application
  [1m[36mLot Load (0.6ms)[0m  [1m[34mSELECT "lots".* FROM "lots" WHERE "lots"."user_id" = $1[0m  [["user_id", 1]]
  ↳ app/views/user_lots/detailed.html.erb:38
  Rendered user_lots/detailed.html.erb within layouts/application (5.1ms)
  Rendered shared/_navbar.html.erb (0.7ms)
  Rendered shared/_flash.html.erb (0.3ms)
Completed 200 OK in 35ms (Views: 28.6ms | ActiveRecord: 1.2ms)


Started GET "/users/1/lots" for ::1 at 2023-07-15 14:52:44 -0400
Processing by UserLotsController#index as HTML
  Parameters: {"user_id"=>"1"}
  [1m[36mUser Load (0.5ms)[0m  [1m[34mSELECT  "users".* FROM "users" WHERE "users"."id" = $1 LIMIT $2[0m  [["id", 1], ["LIMIT", 1]]
  ↳ app/controllers/application_controller.rb:5
  Rendering user_lots/index.html.erb within layouts/application
  [1m[36mLot Load (0.7ms)[0m  [1m[34mSELECT "lots".* FROM "lots" WHERE "lots"."user_id" = $1 AND (lots.status = 2 or lots.status = 1)[0m  [["user_id", 1]]
  ↳ app/views/user_lots/index.html.erb:32
  Rendered user_lots/index.html.erb within layouts/application (4.8ms)
  Rendered shared/_navbar.html.erb (0.9ms)
  Rendered shared/_flash.html.erb (0.3ms)
Completed 200 OK in 45ms (Views: 40.6ms | ActiveRecord: 1.2ms)


Started GET "/detailed_inventory" for ::1 at 2023-07-15 14:52:45 -0400
Processing by UserLotsController#detailed as HTML
  [1m[36mUser Load (0.3ms)[0m  [1m[34mSELECT  "users".* FROM "users" WHERE "users"."id" = $1 LIMIT $2[0m  [["id", 1], ["LIMIT", 1]]
  ↳ app/controllers/application_controller.rb:5
  Rendering user_lots/detailed.html.erb within layouts/application
  [1m[36mLot Load (0.5ms)[0m  [1m[34mSELECT "lots".* FROM "lots" WHERE "lots"."user_id" = $1[0m  [["user_id", 1]]
  ↳ app/views/user_lots/detailed.html.erb:38
  Rendered user_lots/detailed.html.erb within layouts/application (3.1ms)
  Rendered shared/_navbar.html.erb (1.2ms)
  Rendered shared/_flash.html.erb (0.4ms)
Completed 200 OK in 39ms (Views: 35.6ms | ActiveRecord: 0.9ms)


Started GET "/users/1/lots" for ::1 at 2023-07-15 14:52:45 -0400
Processing by UserLotsController#index as HTML
  Parameters: {"user_id"=>"1"}
  [1m[36mUser Load (0.4ms)[0m  [1m[34mSELECT  "users".* FROM "users" WHERE "users"."id" = $1 LIMIT $2[0m  [["id", 1], ["LIMIT", 1]]
  ↳ app/controllers/application_controller.rb:5
  Rendering user_lots/index.html.erb within layouts/application
  [1m[36mLot Load (1.2ms)[0m  [1m[34mSELECT "lots".* FROM "lots" WHERE "lots"."user_id" = $1 AND (lots.status = 2 or lots.status = 1)[0m  [["user_id", 1]]
  ↳ app/views/user_lots/index.html.erb:32
  Rendered user_lots/index.html.erb within layouts/application (6.4ms)
  Rendered shared/_navbar.html.erb (1.2ms)
  Rendered shared/_flash.html.erb (0.5ms)
Completed 200 OK in 47ms (Views: 42.8ms | ActiveRecord: 1.6ms)


Started GET "/users/1/lots" for ::1 at 2023-07-15 14:54:08 -0400
Processing by UserLotsController#index as HTML
  Parameters: {"user_id"=>"1"}
  [1m[36mUser Load (0.7ms)[0m  [1m[34mSELECT  "users".* FROM "users" WHERE "users"."id" = $1 LIMIT $2[0m  [["id", 1], ["LIMIT", 1]]
  ↳ app/controllers/application_controller.rb:5
  Rendering user_lots/index.html.erb within layouts/application
  [1m[36mLot Load (1.1ms)[0m  [1m[34mSELECT "lots".* FROM "lots" WHERE "lots"."user_id" = $1 AND (lots.status = 2 or lots.status = 1)[0m  [["user_id", 1]]
  ↳ app/views/user_lots/index.html.erb:32
  Rendered user_lots/index.html.erb within layouts/application (4.3ms)
  Rendered shared/_navbar.html.erb (0.8ms)
  Rendered shared/_flash.html.erb (0.3ms)
Completed 200 OK in 31ms (Views: 26.0ms | ActiveRecord: 1.8ms)


Started GET "/users/1/lots" for ::1 at 2023-07-15 14:59:09 -0400
Processing by UserLotsController#index as HTML
  Parameters: {"user_id"=>"1"}
  [1m[36mUser Load (1.7ms)[0m  [1m[34mSELECT  "users".* FROM "users" WHERE "users"."id" = $1 LIMIT $2[0m  [["id", 1], ["LIMIT", 1]]
  ↳ app/controllers/application_controller.rb:5
  Rendering user_lots/index.html.erb within layouts/application
  [1m[36mLot Load (13.1ms)[0m  [1m[34mSELECT "lots".* FROM "lots" WHERE "lots"."user_id" = $1 AND (lots.status = 2 or lots.status = 1)[0m  [["user_id", 1]]
  ↳ app/views/user_lots/index.html.erb:32
  Rendered user_lots/index.html.erb within layouts/application (17.3ms)
  Rendered shared/_navbar.html.erb (1.1ms)
  Rendered shared/_flash.html.erb (0.2ms)
Completed 200 OK in 59ms (Views: 28.1ms | ActiveRecord: 14.8ms)


Started GET "/users/1/lots" for ::1 at 2023-07-15 14:59:11 -0400
Processing by UserLotsController#index as HTML
  Parameters: {"user_id"=>"1"}
  [1m[36mUser Load (0.6ms)[0m  [1m[34mSELECT  "users".* FROM "users" WHERE "users"."id" = $1 LIMIT $2[0m  [["id", 1], ["LIMIT", 1]]
  ↳ app/controllers/application_controller.rb:5
  Rendering user_lots/index.html.erb within layouts/application
  [1m[36mLot Load (0.7ms)[0m  [1m[34mSELECT "lots".* FROM "lots" WHERE "lots"."user_id" = $1 AND (lots.status = 2 or lots.status = 1)[0m  [["user_id", 1]]
  ↳ app/views/user_lots/index.html.erb:32
  Rendered user_lots/index.html.erb within layouts/application (6.6ms)
  Rendered shared/_navbar.html.erb (0.9ms)
  Rendered shared/_flash.html.erb (0.3ms)
Completed 200 OK in 32ms (Views: 27.7ms | ActiveRecord: 1.3ms)


Started GET "/users/1/logs" for ::1 at 2023-07-15 14:59:12 -0400
Processing by UserLogsController#index as HTML
  Parameters: {"user_id"=>"1"}
  [1m[36mUser Load (9.4ms)[0m  [1m[34mSELECT  "users".* FROM "users" WHERE "users"."id" = $1 LIMIT $2[0m  [["id", 1], ["LIMIT", 1]]
  ↳ app/controllers/application_controller.rb:5
  Rendering user_logs/index.html.erb within layouts/application
  [1m[36mLog Load (16.0ms)[0m  [1m[34mSELECT "logs".* FROM "logs" INNER JOIN "lots" ON "logs"."lot_id" = "lots"."id" WHERE "lots"."user_id" = $1 ORDER BY "logs"."created_at" DESC[0m  [["user_id", 1]]
  ↳ app/views/user_logs/index.html.erb:38
  [1m[36mLot Load (0.7ms)[0m  [1m[34mSELECT  "lots".* FROM "lots" WHERE "lots"."id" = $1 LIMIT $2[0m  [["id", 2], ["LIMIT", 1]]
  ↳ app/views/user_logs/index.html.erb:43
  [1m[36mLot Load (0.8ms)[0m  [1m[34mSELECT  "lots".* FROM "lots" WHERE "lots"."id" = $1 LIMIT $2[0m  [["id", 1], ["LIMIT", 1]]
  ↳ app/views/user_logs/index.html.erb:43
  [1m[36mCACHE Lot Load (0.0ms)[0m  [1m[34mSELECT  "lots".* FROM "lots" WHERE "lots"."id" = $1 LIMIT $2[0m  [["id", 1], ["LIMIT", 1]]
  ↳ app/views/user_logs/index.html.erb:43
  [1m[36mCACHE Lot Load (0.0ms)[0m  [1m[34mSELECT  "lots".* FROM "lots" WHERE "lots"."id" = $1 LIMIT $2[0m  [["id", 2], ["LIMIT", 1]]
  ↳ app/views/user_logs/index.html.erb:43
  [1m[36mCACHE Lot Load (0.0ms)[0m  [1m[34mSELECT  "lots".* FROM "lots" WHERE "lots"."id" = $1 LIMIT $2[0m  [["id", 2], ["LIMIT", 1]]
  ↳ app/views/user_logs/index.html.erb:43
  [1m[36mCACHE Lot Load (0.0ms)[0m  [1m[34mSELECT  "lots".* FROM "lots" WHERE "lots"."id" = $1 LIMIT $2[0m  [["id", 1], ["LIMIT", 1]]
  ↳ app/views/user_logs/index.html.erb:43
  [1m[36mCACHE Lot Load (0.0ms)[0m  [1m[34mSELECT  "lots".* FROM "lots" WHERE "lots"."id" = $1 LIMIT $2[0m  [["id", 1], ["LIMIT", 1]]
  ↳ app/views/user_logs/index.html.erb:43
  [1m[36mCACHE Lot Load (0.0ms)[0m  [1m[34mSELECT  "lots".* FROM "lots" WHERE "lots"."id" = $1 LIMIT $2[0m  [["id", 1], ["LIMIT", 1]]
  ↳ app/views/user_logs/index.html.erb:43
  [1m[36mCACHE Lot Load (0.0ms)[0m  [1m[34mSELECT  "lots".* FROM "lots" WHERE "lots"."id" = $1 LIMIT $2[0m  [["id", 1], ["LIMIT", 1]]
  ↳ app/views/user_logs/index.html.erb:43
  Rendered user_logs/index.html.erb within layouts/application (34.9ms)
  Rendered shared/_navbar.html.erb (0.7ms)
  Rendered shared/_flash.html.erb (0.2ms)
Completed 200 OK in 68ms (Views: 35.6ms | ActiveRecord: 27.0ms)


Started GET "/blends" for ::1 at 2023-07-15 14:59:12 -0400
Processing by BlendsController#index as HTML
  [1m[36mUser Load (0.3ms)[0m  [1m[34mSELECT  "users".* FROM "users" WHERE "users"."id" = $1 LIMIT $2[0m  [["id", 1], ["LIMIT", 1]]
  ↳ app/controllers/application_controller.rb:5
  Rendering blends/index.html.erb within layouts/application
  [1m[36mBlend Load (0.8ms)[0m  [1m[34mSELECT "blends".* FROM "blends" WHERE "blends"."user_id" = $1 ORDER BY "blends"."created_at" DESC[0m  [["user_id", 1]]
  ↳ app/views/blends/index.html.erb:36
  Rendered blends/index.html.erb within layouts/application (7.3ms)
  Rendered shared/_navbar.html.erb (1.0ms)
  Rendered shared/_flash.html.erb (0.3ms)
Completed 200 OK in 41ms (Views: 36.8ms | ActiveRecord: 1.2ms)


Started GET "/users/1/logs" for ::1 at 2023-07-15 14:59:13 -0400
Processing by UserLogsController#index as HTML
  Parameters: {"user_id"=>"1"}
  [1m[36mUser Load (0.6ms)[0m  [1m[34mSELECT  "users".* FROM "users" WHERE "users"."id" = $1 LIMIT $2[0m  [["id", 1], ["LIMIT", 1]]
  ↳ app/controllers/application_controller.rb:5
  Rendering user_logs/index.html.erb within layouts/application
  [1m[36mLog Load (1.7ms)[0m  [1m[34mSELECT "logs".* FROM "logs" INNER JOIN "lots" ON "logs"."lot_id" = "lots"."id" WHERE "lots"."user_id" = $1 ORDER BY "logs"."created_at" DESC[0m  [["user_id", 1]]
  ↳ app/views/user_logs/index.html.erb:38
  [1m[36mLot Load (0.6ms)[0m  [1m[34mSELECT  "lots".* FROM "lots" WHERE "lots"."id" = $1 LIMIT $2[0m  [["id", 2], ["LIMIT", 1]]
  ↳ app/views/user_logs/index.html.erb:43
  [1m[36mLot Load (0.9ms)[0m  [1m[34mSELECT  "lots".* FROM "lots" WHERE "lots"."id" = $1 LIMIT $2[0m  [["id", 1], ["LIMIT", 1]]
  ↳ app/views/user_logs/index.html.erb:43
  [1m[36mCACHE Lot Load (0.0ms)[0m  [1m[34mSELECT  "lots".* FROM "lots" WHERE "lots"."id" = $1 LIMIT $2[0m  [["id", 1], ["LIMIT", 1]]
  ↳ app/views/user_logs/index.html.erb:43
  [1m[36mCACHE Lot Load (0.0ms)[0m  [1m[34mSELECT  "lots".* FROM "lots" WHERE "lots"."id" = $1 LIMIT $2[0m  [["id", 2], ["LIMIT", 1]]
  ↳ app/views/user_logs/index.html.erb:43
  [1m[36mCACHE Lot Load (0.0ms)[0m  [1m[34mSELECT  "lots".* FROM "lots" WHERE "lots"."id" = $1 LIMIT $2[0m  [["id", 2], ["LIMIT", 1]]
  ↳ app/views/user_logs/index.html.erb:43
  [1m[36mCACHE Lot Load (0.0ms)[0m  [1m[34mSELECT  "lots".* FROM "lots" WHERE "lots"."id" = $1 LIMIT $2[0m  [["id", 1], ["LIMIT", 1]]
  ↳ app/views/user_logs/index.html.erb:43
  [1m[36mCACHE Lot Load (0.0ms)[0m  [1m[34mSELECT  "lots".* FROM "lots" WHERE "lots"."id" = $1 LIMIT $2[0m  [["id", 1], ["LIMIT", 1]]
  ↳ app/views/user_logs/index.html.erb:43
  [1m[36mCACHE Lot Load (0.0ms)[0m  [1m[34mSELECT  "lots".* FROM "lots" WHERE "lots"."id" = $1 LIMIT $2[0m  [["id", 1], ["LIMIT", 1]]
  ↳ app/views/user_logs/index.html.erb:43
  [1m[36mCACHE Lot Load (0.0ms)[0m  [1m[34mSELECT  "lots".* FROM "lots" WHERE "lots"."id" = $1 LIMIT $2[0m  [["id", 1], ["LIMIT", 1]]
  ↳ app/views/user_logs/index.html.erb:43
  Rendered user_logs/index.html.erb within layouts/application (28.2ms)
  Rendered shared/_navbar.html.erb (0.8ms)
  Rendered shared/_flash.html.erb (0.4ms)
Completed 200 OK in 54ms (Views: 46.8ms | ActiveRecord: 3.9ms)


Started GET "/users/1/lots" for ::1 at 2023-07-15 14:59:13 -0400
Processing by UserLotsController#index as HTML
  Parameters: {"user_id"=>"1"}
  [1m[36mUser Load (0.3ms)[0m  [1m[34mSELECT  "users".* FROM "users" WHERE "users"."id" = $1 LIMIT $2[0m  [["id", 1], ["LIMIT", 1]]
  ↳ app/controllers/application_controller.rb:5
  Rendering user_lots/index.html.erb within layouts/application
  [1m[36mLot Load (3.9ms)[0m  [1m[34mSELECT "lots".* FROM "lots" WHERE "lots"."user_id" = $1 AND (lots.status = 2 or lots.status = 1)[0m  [["user_id", 1]]
  ↳ app/views/user_lots/index.html.erb:32
  Rendered user_lots/index.html.erb within layouts/application (9.1ms)
  Rendered shared/_navbar.html.erb (1.3ms)
  Rendered shared/_flash.html.erb (0.5ms)
Completed 200 OK in 51ms (Views: 43.7ms | ActiveRecord: 4.2ms)


Started DELETE "/logout" for ::1 at 2023-07-15 14:59:19 -0400
Processing by SessionsController#destroy as HTML
  Parameters: {"authenticity_token"=>"TalQ7zrOf5ujIeFkM1CVl1R9pXAMDgsk109CNDDFlTGxqwdMbueCmr+3m4uiujMUVWd4U/tCdRBlUjK6BhlFOw=="}
  [1m[36mUser Load (0.5ms)[0m  [1m[34mSELECT  "users".* FROM "users" WHERE "users"."id" = $1 LIMIT $2[0m  [["id", 1], ["LIMIT", 1]]
  ↳ app/controllers/application_controller.rb:5
Redirected to http://localhost:3000/
Completed 302 Found in 3ms (ActiveRecord: 0.5ms)


Started GET "/" for ::1 at 2023-07-15 14:59:19 -0400
Processing by MainController#index as HTML
  Rendering main/index.html.erb within layouts/application
  Rendered main/index.html.erb within layouts/application (0.4ms)
  Rendered shared/_navbar.html.erb (0.8ms)
  Rendered shared/_flash.html.erb (0.4ms)
Completed 200 OK in 21ms (Views: 20.3ms | ActiveRecord: 0.0ms)


Started GET "/sign_in" for ::1 at 2023-07-15 14:59:22 -0400
Processing by SessionsController#new as HTML
  Rendering sessions/new.html.erb within layouts/application
  Rendered sessions/new.html.erb within layouts/application (7.7ms)
  Rendered shared/_navbar.html.erb (0.7ms)
  Rendered shared/_flash.html.erb (0.4ms)
Completed 200 OK in 63ms (Views: 58.6ms | ActiveRecord: 0.0ms)


Started POST "/sign_in" for ::1 at 2023-07-15 14:59:25 -0400
Processing by SessionsController#create as JS
  Parameters: {"utf8"=>"✓", "authenticity_token"=>"H+Kp+s2PRzUMcSTQEnTayuRNUkBBsDexE0CnaooyRy3mf7Dnz/iSGhl2WxnPKvTR+pXN1VlCX9s7yJ3q8RoDzw==", "email"=>"bryce.wein@gmail.com", "password"=>"[FILTERED]", "commit"=>"Sign In"}
  [1m[36mUser Load (2.3ms)[0m  [1m[34mSELECT  "users".* FROM "users" WHERE "users"."email" = $1 LIMIT $2[0m  [["email", "bryce.wein@gmail.com"], ["LIMIT", 1]]
  ↳ app/controllers/sessions_controller.rb:7
Redirected to http://localhost:3000/
Completed 200 OK in 284ms (ActiveRecord: 2.3ms)


Started GET "/" for ::1 at 2023-07-15 14:59:25 -0400
Processing by MainController#index as HTML
  [1m[36mUser Load (13.6ms)[0m  [1m[34mSELECT  "users".* FROM "users" WHERE "users"."id" = $1 LIMIT $2[0m  [["id", 1], ["LIMIT", 1]]
  ↳ app/controllers/application_controller.rb:5
  Rendering main/index.html.erb within layouts/application
  Rendered main/index.html.erb within layouts/application (0.7ms)
  Rendered shared/_navbar.html.erb (0.7ms)
  Rendered shared/_flash.html.erb (0.2ms)
Completed 200 OK in 38ms (Views: 19.8ms | ActiveRecord: 13.6ms)


Started GET "/" for ::1 at 2023-07-15 15:00:20 -0400
Processing by MainController#index as HTML
  [1m[36mUser Load (0.6ms)[0m  [1m[34mSELECT  "users".* FROM "users" WHERE "users"."id" = $1 LIMIT $2[0m  [["id", 1], ["LIMIT", 1]]
  ↳ app/controllers/application_controller.rb:5
  Rendering main/index.html.erb within layouts/application
  Rendered main/index.html.erb within layouts/application (1.1ms)
  Rendered shared/_navbar.html.erb (1.0ms)
  Rendered shared/_flash.html.erb (0.3ms)
Completed 200 OK in 30ms (Views: 25.8ms | ActiveRecord: 0.6ms)


Started GET "/" for ::1 at 2023-07-15 15:00:30 -0400
Processing by MainController#index as HTML
  [1m[36mUser Load (0.7ms)[0m  [1m[34mSELECT  "users".* FROM "users" WHERE "users"."id" = $1 LIMIT $2[0m  [["id", 1], ["LIMIT", 1]]
  ↳ app/controllers/application_controller.rb:5
  Rendering main/index.html.erb within layouts/application
  Rendered main/index.html.erb within layouts/application (1.3ms)
  Rendered shared/_navbar.html.erb (1.4ms)
  Rendered shared/_flash.html.erb (0.6ms)
Completed 200 OK in 55ms (Views: 48.7ms | ActiveRecord: 0.7ms)


Started GET "/" for ::1 at 2023-07-15 15:01:23 -0400
Processing by MainController#index as HTML
  [1m[36mUser Load (0.6ms)[0m  [1m[34mSELECT  "users".* FROM "users" WHERE "users"."id" = $1 LIMIT $2[0m  [["id", 1], ["LIMIT", 1]]
  ↳ app/controllers/application_controller.rb:5
  Rendering main/index.html.erb within layouts/application
  Rendered main/index.html.erb within layouts/application (0.6ms)
  Rendered shared/_navbar.html.erb (0.9ms)
  Rendered shared/_flash.html.erb (0.3ms)
Completed 200 OK in 32ms (Views: 28.8ms | ActiveRecord: 0.6ms)


Started GET "/" for ::1 at 2023-07-15 15:16:05 -0400
  [1m[35m (3.3ms)[0m  [1m[34mSELECT "schema_migrations"."version" FROM "schema_migrations" ORDER BY "schema_migrations"."version" ASC[0m
  ↳ /Users/brycewein/.rbenv/versions/2.7.4/lib/ruby/gems/2.7.0/gems/activerecord-5.2.8/lib/active_record/log_subscriber.rb:98
Processing by MainController#index as HTML
  [1m[36mUser Load (1.9ms)[0m  [1m[34mSELECT  "users".* FROM "users" WHERE "users"."id" = $1 LIMIT $2[0m  [["id", 1], ["LIMIT", 1]]
  ↳ app/controllers/application_controller.rb:5
  Rendering main/index.html.erb within layouts/application
  Rendered main/index.html.erb within layouts/application (0.5ms)
  Rendered shared/_navbar.html.erb (0.7ms)
  Rendered shared/_flash.html.erb (0.2ms)
Completed 200 OK in 167ms (Views: 133.1ms | ActiveRecord: 14.4ms)


Started GET "/users/1/lots" for ::1 at 2023-07-15 15:16:07 -0400
Processing by UserLotsController#index as HTML
  Parameters: {"user_id"=>"1"}
  [1m[36mUser Load (3.7ms)[0m  [1m[34mSELECT  "users".* FROM "users" WHERE "users"."id" = $1 LIMIT $2[0m  [["id", 1], ["LIMIT", 1]]
  ↳ app/controllers/application_controller.rb:5
  Rendering user_lots/index.html.erb within layouts/application
  [1m[36mLot Load (1.9ms)[0m  [1m[34mSELECT "lots".* FROM "lots" WHERE "lots"."user_id" = $1 AND (lots.status = 2 or lots.status = 1)[0m  [["user_id", 1]]
  ↳ app/views/user_lots/index.html.erb:32
  Rendered user_lots/index.html.erb within layouts/application (39.2ms)
  Rendered shared/_navbar.html.erb (0.7ms)
  Rendered shared/_flash.html.erb (0.2ms)
Completed 200 OK in 71ms (Views: 47.0ms | ActiveRecord: 14.1ms)


Started GET "/users/1/logs" for ::1 at 2023-07-15 15:16:08 -0400
Processing by UserLogsController#index as HTML
  Parameters: {"user_id"=>"1"}
  [1m[36mUser Load (19.1ms)[0m  [1m[34mSELECT  "users".* FROM "users" WHERE "users"."id" = $1 LIMIT $2[0m  [["id", 1], ["LIMIT", 1]]
  ↳ app/controllers/application_controller.rb:5
  Rendering user_logs/index.html.erb within layouts/application
  [1m[36mLog Load (4.0ms)[0m  [1m[34mSELECT "logs".* FROM "logs" INNER JOIN "lots" ON "logs"."lot_id" = "lots"."id" WHERE "lots"."user_id" = $1 ORDER BY "logs"."created_at" DESC[0m  [["user_id", 1]]
  ↳ app/views/user_logs/index.html.erb:38
  [1m[36mLot Load (0.6ms)[0m  [1m[34mSELECT  "lots".* FROM "lots" WHERE "lots"."id" = $1 LIMIT $2[0m  [["id", 2], ["LIMIT", 1]]
  ↳ app/views/user_logs/index.html.erb:43
  [1m[36mLot Load (0.3ms)[0m  [1m[34mSELECT  "lots".* FROM "lots" WHERE "lots"."id" = $1 LIMIT $2[0m  [["id", 1], ["LIMIT", 1]]
  ↳ app/views/user_logs/index.html.erb:43
  [1m[36mCACHE Lot Load (0.0ms)[0m  [1m[34mSELECT  "lots".* FROM "lots" WHERE "lots"."id" = $1 LIMIT $2[0m  [["id", 1], ["LIMIT", 1]]
  ↳ app/views/user_logs/index.html.erb:43
  [1m[36mCACHE Lot Load (0.0ms)[0m  [1m[34mSELECT  "lots".* FROM "lots" WHERE "lots"."id" = $1 LIMIT $2[0m  [["id", 2], ["LIMIT", 1]]
  ↳ app/views/user_logs/index.html.erb:43
  [1m[36mCACHE Lot Load (0.0ms)[0m  [1m[34mSELECT  "lots".* FROM "lots" WHERE "lots"."id" = $1 LIMIT $2[0m  [["id", 2], ["LIMIT", 1]]
  ↳ app/views/user_logs/index.html.erb:43
  [1m[36mCACHE Lot Load (0.0ms)[0m  [1m[34mSELECT  "lots".* FROM "lots" WHERE "lots"."id" = $1 LIMIT $2[0m  [["id", 1], ["LIMIT", 1]]
  ↳ app/views/user_logs/index.html.erb:43
  [1m[36mCACHE Lot Load (0.0ms)[0m  [1m[34mSELECT  "lots".* FROM "lots" WHERE "lots"."id" = $1 LIMIT $2[0m  [["id", 1], ["LIMIT", 1]]
  ↳ app/views/user_logs/index.html.erb:43
  [1m[36mCACHE Lot Load (0.0ms)[0m  [1m[34mSELECT  "lots".* FROM "lots" WHERE "lots"."id" = $1 LIMIT $2[0m  [["id", 1], ["LIMIT", 1]]
  ↳ app/views/user_logs/index.html.erb:43
  [1m[36mCACHE Lot Load (0.0ms)[0m  [1m[34mSELECT  "lots".* FROM "lots" WHERE "lots"."id" = $1 LIMIT $2[0m  [["id", 1], ["LIMIT", 1]]
  ↳ app/views/user_logs/index.html.erb:43
  Rendered user_logs/index.html.erb within layouts/application (33.9ms)
  Rendered shared/_navbar.html.erb (0.9ms)
  Rendered shared/_flash.html.erb (0.3ms)
Completed 200 OK in 73ms (Views: 38.9ms | ActiveRecord: 30.1ms)


Started GET "/users/1/lots" for ::1 at 2023-07-15 15:16:08 -0400
Processing by UserLotsController#index as HTML
  Parameters: {"user_id"=>"1"}
  [1m[36mUser Load (0.5ms)[0m  [1m[34mSELECT  "users".* FROM "users" WHERE "users"."id" = $1 LIMIT $2[0m  [["id", 1], ["LIMIT", 1]]
  ↳ app/controllers/application_controller.rb:5
  Rendering user_lots/index.html.erb within layouts/application
  [1m[36mLot Load (6.4ms)[0m  [1m[34mSELECT "lots".* FROM "lots" WHERE "lots"."user_id" = $1 AND (lots.status = 2 or lots.status = 1)[0m  [["user_id", 1]]
  ↳ app/views/user_lots/index.html.erb:32
  Rendered user_lots/index.html.erb within layouts/application (22.2ms)
  Rendered shared/_navbar.html.erb (0.7ms)
  Rendered shared/_flash.html.erb (0.3ms)
Completed 200 OK in 69ms (Views: 58.5ms | ActiveRecord: 6.8ms)


Started GET "/users/1/lots" for ::1 at 2023-07-15 15:16:24 -0400
Processing by UserLotsController#index as HTML
  Parameters: {"user_id"=>"1"}
  [1m[36mUser Load (1.1ms)[0m  [1m[34mSELECT  "users".* FROM "users" WHERE "users"."id" = $1 LIMIT $2[0m  [["id", 1], ["LIMIT", 1]]
  ↳ app/controllers/application_controller.rb:5
  Rendering user_lots/index.html.erb within layouts/application
  [1m[36mLot Load (1.0ms)[0m  [1m[34mSELECT "lots".* FROM "lots" WHERE "lots"."user_id" = $1 AND (lots.status = 2 or lots.status = 1)[0m  [["user_id", 1]]
  ↳ app/views/user_lots/index.html.erb:34
  Rendered user_lots/index.html.erb within layouts/application (4.3ms)
  Rendered shared/_navbar.html.erb (0.8ms)
  Rendered shared/_flash.html.erb (0.2ms)
Completed 200 OK in 29ms (Views: 23.2ms | ActiveRecord: 2.1ms)


Started GET "/users/1/lots" for ::1 at 2023-07-15 15:16:32 -0400
Processing by UserLotsController#index as HTML
  Parameters: {"user_id"=>"1"}
  [1m[36mUser Load (1.5ms)[0m  [1m[34mSELECT  "users".* FROM "users" WHERE "users"."id" = $1 LIMIT $2[0m  [["id", 1], ["LIMIT", 1]]
  ↳ app/controllers/application_controller.rb:5
  Rendering user_lots/index.html.erb within layouts/application
  [1m[36mLot Load (0.9ms)[0m  [1m[34mSELECT "lots".* FROM "lots" WHERE "lots"."user_id" = $1 AND (lots.status = 2 or lots.status = 1)[0m  [["user_id", 1]]
  ↳ app/views/user_lots/index.html.erb:33
  Rendered user_lots/index.html.erb within layouts/application (6.2ms)
  Rendered shared/_navbar.html.erb (1.2ms)
  Rendered shared/_flash.html.erb (0.5ms)
Completed 200 OK in 47ms (Views: 39.5ms | ActiveRecord: 2.4ms)


Started GET "/users/1/lots" for ::1 at 2023-07-15 15:16:35 -0400
Processing by UserLotsController#index as HTML
  Parameters: {"user_id"=>"1"}
  [1m[36mUser Load (0.7ms)[0m  [1m[34mSELECT  "users".* FROM "users" WHERE "users"."id" = $1 LIMIT $2[0m  [["id", 1], ["LIMIT", 1]]
  ↳ app/controllers/application_controller.rb:5
  Rendering user_lots/index.html.erb within layouts/application
  [1m[36mLot Load (23.0ms)[0m  [1m[34mSELECT "lots".* FROM "lots" WHERE "lots"."user_id" = $1 AND (lots.status = 2 or lots.status = 1)[0m  [["user_id", 1]]
  ↳ app/views/user_lots/index.html.erb:33
  Rendered user_lots/index.html.erb within layouts/application (30.3ms)
  Rendered shared/_navbar.html.erb (1.4ms)
  Rendered shared/_flash.html.erb (0.5ms)
Completed 200 OK in 72ms (Views: 41.7ms | ActiveRecord: 23.7ms)


Started GET "/users/1/lots/new" for ::1 at 2023-07-15 15:16:36 -0400
Processing by UserLotsController#new as HTML
  Parameters: {"user_id"=>"1"}
  [1m[36mUser Load (0.9ms)[0m  [1m[34mSELECT  "users".* FROM "users" WHERE "users"."id" = $1 LIMIT $2[0m  [["id", 1], ["LIMIT", 1]]
  ↳ app/controllers/application_controller.rb:5
  Rendering user_lots/new.html.erb within layouts/application
  Rendered user_lots/new.html.erb within layouts/application (80.9ms)
  Rendered shared/_navbar.html.erb (0.6ms)
  Rendered shared/_flash.html.erb (0.2ms)
Completed 200 OK in 108ms (Views: 99.7ms | ActiveRecord: 0.9ms)


Started GET "/users/1/lots/new" for ::1 at 2023-07-15 15:17:10 -0400
Processing by UserLotsController#new as HTML
  Parameters: {"user_id"=>"1"}
  [1m[36mUser Load (2.2ms)[0m  [1m[34mSELECT  "users".* FROM "users" WHERE "users"."id" = $1 LIMIT $2[0m  [["id", 1], ["LIMIT", 1]]
  ↳ app/controllers/application_controller.rb:5
  Rendering user_lots/new.html.erb within layouts/application
  Rendered user_lots/new.html.erb within layouts/application (15.0ms)
  Rendered shared/_navbar.html.erb (1.1ms)
  Rendered shared/_flash.html.erb (0.4ms)
Completed 200 OK in 74ms (Views: 64.9ms | ActiveRecord: 2.2ms)


